#
# A fatal error has been detected by the Java Runtime Environment:
#
#  EXCEPTION_ACCESS_VIOLATION (0xc0000005) at pc=0x00007ff9e28066f0, pid=19300, tid=22448
#
# JRE version: Java(TM) SE Runtime Environment (15.0.1+9) (build 15.0.1+9-18)
# Java VM: Java HotSpot(TM) 64-Bit Server VM (15.0.1+9-18, mixed mode, sharing, tiered, compressed oops, g1 gc, windows-amd64)
# Problematic frame:
# C  [glass.dll+0x266f0]
#
# No core dump will be written. Minidumps are not enabled by default on client versions of Windows
#
# If you would like to submit a bug report, please visit:
#   https://bugreport.java.com/bugreport/crash.jsp
#

---------------  S U M M A R Y ------------

Command Line: --module-path=C:\Users\gilbe\Documents\NetBeansProjects\test\target\classes;C:\Users\gilbe\.m2\repository\commons-codec\commons-codec\1.13\commons-codec-1.13.jar;C:\Users\gilbe\.m2\repository\commons-io\commons-io\2.5\commons-io-2.5.jar;C:\Users\gilbe\.m2\repository\net\sf\ucanaccess\ucanaccess\5.0.0\ucanaccess-5.0.0.jar;C:\Users\gilbe\.m2\repository\org\apache\commons\commons-collections4\4.4\commons-collections4-4.4.jar;C:\Users\gilbe\.m2\repository\org\apache\commons\commons-compress\1.19\commons-compress-1.19.jar;C:\Users\gilbe\.m2\repository\org\apache\commons\commons-lang3\3.8.1\commons-lang3-3.8.1.jar;C:\Users\gilbe\.m2\repository\org\apache\poi\poi\4.1.2\poi-4.1.2.jar;C:\Users\gilbe\.m2\repository\org\apache\poi\poi-ooxml\4.1.2\poi-ooxml-4.1.2.jar;C:\Users\gilbe\.m2\repository\org\apache\poi\poi-ooxml-schemas\4.1.2\poi-ooxml-schemas-4.1.2.jar;C:\Users\gilbe\.m2\repository\org\apache\poi\poi-scratchpad\4.1.2\poi-scratchpad-4.1.2.jar;C:\Users\gilbe\.m2\repository\org\apache\xmlbeans\xmlbeans\3.1.0\xmlbeans-3.1.0.jar;C:\Users\gilbe\.m2\repository\org\openjfx\javafx-base\13\javafx-base-13-win.jar;C:\Users\gilbe\.m2\repository\org\openjfx\javafx-controls\13\javafx-controls-13-win.jar;C:\Users\gilbe\.m2\repository\org\openjfx\javafx-fxml\13\javafx-fxml-13-win.jar;C:\Users\gilbe\.m2\repository\org\openjfx\javafx-graphics\13\javafx-graphics-13-win.jar --add-modules=com.test -Djdk.module.main=com.test com.test/com.test.App

Host: Intel(R) Core(TM) i5-6200U CPU @ 2.30GHz, 4 cores, 7G,  Windows 10 , 64 bit Build 19041 (10.0.19041.662)
Time: Sun Feb  7 15:14:20 2021 Eastern Standard Time elapsed time: 7.393133 seconds (0d 0h 0m 7s)

---------------  T H R E A D  ---------------

Current thread (0x00000297b120f0d0):  VMThread "VM Thread" [stack: 0x000000bcf2b00000,0x000000bcf2c00000] [id=22448]

Stack: [0x000000bcf2b00000,0x000000bcf2c00000],  sp=0x000000bcf2bfee50,  free space=1019k
Native frames: (J=compiled Java code, j=interpreted, Vv=VM code, C=native code)
C  [glass.dll+0x266f0]


siginfo: EXCEPTION_ACCESS_VIOLATION (0xc0000005), reading address 0x0000000000000000


Register to memory mapping:

RIP=0x00007ff9e28066f0 glass.dll
RAX=0x0 is NULL
RBX=0x00000297b1220370 is a global jni handle
RCX=0x00000297b120f0d0 points into unknown readable memory: 0x00007ff9c0f04238 | 38 42 f0 c0 f9 7f 00 00
RDX=0x000000bcf2bfee50 points into unknown readable memory: 0x0000000000000000 | 00 00 00 00 00 00 00 00
RSP=0x000000bcf2bfee50 points into unknown readable memory: 0x0000000000000000 | 00 00 00 00 00 00 00 00
RBP=0x00000297b1e3edf8 points into unknown readable memory: 0x0000545322b65bcc | cc 5b b6 22 53 54 00 00
RSI=0x00000297b1e3edd0 points into unknown readable memory: 0x07ffca7b21d09bcc | cc 9b d0 21 7b ca ff 07
RDI=0x0000545322b65bcc is an unknown value
R8 =0x0000000000010002 is an unknown value
R9 =0x0000545322b65bcc is an unknown value
R10=0x0000000000008000 is an unknown value
R11=0x000000bcf2bfedf0 points into unknown readable memory: 0x00000297b1e3edd0 | d0 ed e3 b1 97 02 00 00
R12=0x00007ff9e2803b84 glass.dll
R13=0x00000297930a49e0 points into unknown readable memory: 0x8000000900000001 | 01 00 00 00 09 00 00 80
R14=0x000000bcf2bfef58 points into unknown readable memory: 0x000000bcf2bfef40 | 40 ef bf f2 bc 00 00 00
R15=0x00000297b1e3edd0 points into unknown readable memory: 0x07ffca7b21d09bcc | cc 9b d0 21 7b ca ff 07


Registers:
RAX=0x0000000000000000, RBX=0x00000297b1220370, RCX=0x00000297b120f0d0, RDX=0x000000bcf2bfee50
RSP=0x000000bcf2bfee50, RBP=0x00000297b1e3edf8, RSI=0x00000297b1e3edd0, RDI=0x0000545322b65bcc
R8 =0x0000000000010002, R9 =0x0000545322b65bcc, R10=0x0000000000008000, R11=0x000000bcf2bfedf0
R12=0x00007ff9e2803b84, R13=0x00000297930a49e0, R14=0x000000bcf2bfef58, R15=0x00000297b1e3edd0
RIP=0x00007ff9e28066f0, EFLAGS=0x0000000000010206

Top of Stack: (sp=0x000000bcf2bfee50)
0x000000bcf2bfee50:   0000000000000000 00007ffa11e0e97b
0x000000bcf2bfee60:   00000297b1e3ede0 00000297b1e3edd0
0x000000bcf2bfee70:   fffffffffffffffe 00007ff9e2803b84
0x000000bcf2bfee80:   00000297b1e3edd8 00007ffa11e13bf6
0x000000bcf2bfee90:   00000297b1e3ede0 0000029700000000
0x000000bcf2bfeea0:   00000297b1e3edf8 00000297b1e3edd0
0x000000bcf2bfeeb0:   fffffffffffffffe 0000000000000000
0x000000bcf2bfeec0:   0000000000000001 00007ff9e27e0000
0x000000bcf2bfeed0:   000000bcf2bfef48 00007ffa11e13b1b
0x000000bcf2bfeee0:   0000000000000000 000000bcf2bfef58
0x000000bcf2bfeef0:   000000bcf2bff210 00007ffa11ef0e40
0x000000bcf2bfef00:   0000000000000000 00007ffa11e13ad4
0x000000bcf2bfef10:   0000000000000000 0000000000000001
0x000000bcf2bfef20:   0000000000000001 000000bcf2bfef48
0x000000bcf2bfef30:   0000000000000000 00007ff9e2803a12
0x000000bcf2bfef40:   00007ff9e281d118 000000bc00000002 

Instructions: (pc=0x00007ff9e28066f0)
0x00007ff9e28065f0:   8b 4d 60 e8 98 c9 ff ff 48 8b 55 68 48 8b 8d 08
0x00007ff9e2806600:   01 00 00 e8 49 be ff ff 33 d2 33 c9 e8 49 de ff
0x00007ff9e2806610:   ff 90 cc cc cc cc cc cc cc cc cc cc cc cc cc cc
0x00007ff9e2806620:   48 8d 8a 80 00 00 00 e9 14 e9 fe ff 48 89 54 24
0x00007ff9e2806630:   10 55 48 83 ec 20 48 8b ea 48 8d 05 dd ca ff ff
0x00007ff9e2806640:   48 83 c4 20 5d c3 cc 40 55 48 8b ea 48 8b 01 33
0x00007ff9e2806650:   c9 81 38 05 00 00 c0 0f 94 c1 8b c1 5d c3 cc 40
0x00007ff9e2806660:   55 48 83 ec 20 48 8b ea 8a 4d 40 48 83 c4 20 5d
0x00007ff9e2806670:   e9 df cd ff ff cc 40 55 48 83 ec 20 48 8b ea e8
0x00007ff9e2806680:   fc cb ff ff 8a 4d 38 48 83 c4 20 5d e9 c3 cd ff
0x00007ff9e2806690:   ff cc 40 55 48 83 ec 30 48 8b ea 48 8b 01 8b 10
0x00007ff9e28066a0:   48 89 4c 24 28 89 54 24 20 4c 8d 0d a4 d1 ff ff
0x00007ff9e28066b0:   4c 8b 45 70 8b 55 68 48 8b 4d 60 e8 30 cb ff ff
0x00007ff9e28066c0:   90 48 83 c4 30 5d c3 cc cc cc cc cc cc cc cc cc
0x00007ff9e28066d0:   40 53 48 83 ec 30 48 c7 44 24 20 fe ff ff ff 48
0x00007ff9e28066e0:   8b 1d 2a 64 01 00 48 85 db 74 16 e8 90 85 ff ff
0x00007ff9e28066f0:   4c 8b 00 48 8b d3 48 8b c8 41 ff 90 b0 00 00 00
0x00007ff9e2806700:   90 48 83 c4 30 5b c3 cc cc cc cc cc cc cc cc cc
0x00007ff9e2806710:   40 53 48 83 ec 20 48 8b 1d 9b 65 01 00 48 85 db
0x00007ff9e2806720:   74 57 b8 ff ff ff ff f0 0f c1 43 10 83 f8 01 75
0x00007ff9e2806730:   3d 48 85 db 74 38 48 8b 0b 48 85 c9 74 0d ff 15
0x00007ff9e2806740:   64 0b 00 00 48 c7 03 00 00 00 00 48 8b 4b 08 48
0x00007ff9e2806750:   85 c9 74 0d e8 37 c8 ff ff 48 c7 43 08 00 00 00
0x00007ff9e2806760:   00 ba 18 00 00 00 48 8b cb e8 22 c8 ff ff 48 c7
0x00007ff9e2806770:   05 3f 65 01 00 00 00 00 00 48 83 c4 20 5b c3 cc
0x00007ff9e2806780:   40 53 48 83 ec 20 48 8b 1d 0b 65 01 00 48 85 db
0x00007ff9e2806790:   74 57 b8 ff ff ff ff f0 0f c1 43 10 83 f8 01 75
0x00007ff9e28067a0:   3d 48 85 db 74 38 48 8b 0b 48 85 c9 74 0d ff 15
0x00007ff9e28067b0:   f4 0a 00 00 48 c7 03 00 00 00 00 48 8b 4b 08 48
0x00007ff9e28067c0:   85 c9 74 0d e8 c7 c7 ff ff 48 c7 43 08 00 00 00
0x00007ff9e28067d0:   00 ba 18 00 00 00 48 8b cb e8 b2 c7 ff ff 48 c7
0x00007ff9e28067e0:   05 af 64 01 00 00 00 00 00 48 83 c4 20 5b c3 cc 


Stack slot to memory mapping:
stack at sp + 0 slots: 0x0 is NULL
stack at sp + 1 slots: 0x00007ffa11e0e97b ucrtbase.dll
stack at sp + 2 slots: 0x00000297b1e3ede0 points into unknown readable memory: 0x0000545322b65bcc | cc 5b b6 22 53 54 00 00
stack at sp + 3 slots: 0x00000297b1e3edd0 points into unknown readable memory: 0x07ffca7b21d09bcc | cc 9b d0 21 7b ca ff 07
stack at sp + 4 slots: 0xfffffffffffffffe is an unknown value
stack at sp + 5 slots: 0x00007ff9e2803b84 glass.dll
stack at sp + 6 slots: 0x00000297b1e3edd8 points into unknown readable memory: 0x0000545322b65bcc | cc 5b b6 22 53 54 00 00
stack at sp + 7 slots: 0x00007ffa11e13bf6 ucrtbase.dll

VM_Operation (0x000000bcf3cfad40): Exit, mode: safepoint, requested by thread 0x00000297b2947920


---------------  P R O C E S S  ---------------

Threads class SMR info:
_java_thread_list=0x00000297bc708340, length=17, elements={
0x0000029793057e30, 0x00000297b1213010, 0x00000297b1214290, 0x00000297b1230550,
0x00000297b12335d0, 0x00000297b1239f20, 0x00000297b123f490, 0x00000297b12445c0,
0x00000297b11f5ad0, 0x00000297b21b1540, 0x00000297b1fae5e0, 0x00000297b2946520,
0x00000297b2947920, 0x00000297b29cbc60, 0x00000297b298d160, 0x00000297b945b240,
0x00000297b3204bb0
}

Java Threads: ( => current thread )
  0x0000029793057e30 JavaThread "main" [_thread_blocked, id=5412, stack(0x000000bcf2500000,0x000000bcf2600000)]
  0x00000297b1213010 JavaThread "Reference Handler" daemon [_thread_blocked, id=3260, stack(0x000000bcf2c00000,0x000000bcf2d00000)]
  0x00000297b1214290 JavaThread "Finalizer" daemon [_thread_blocked, id=18620, stack(0x000000bcf2d00000,0x000000bcf2e00000)]
  0x00000297b1230550 JavaThread "Attach Listener" daemon [_thread_blocked, id=6996, stack(0x000000bcf2f00000,0x000000bcf3000000)]
  0x00000297b12335d0 JavaThread "Service Thread" daemon [_thread_blocked, id=24128, stack(0x000000bcf3000000,0x000000bcf3100000)]
  0x00000297b1239f20 JavaThread "C2 CompilerThread0" daemon [_thread_blocked, id=12700, stack(0x000000bcf3100000,0x000000bcf3200000)]
  0x00000297b123f490 JavaThread "C1 CompilerThread0" daemon [_thread_blocked, id=5376, stack(0x000000bcf3200000,0x000000bcf3300000)]
  0x00000297b12445c0 JavaThread "Sweeper thread" daemon [_thread_blocked, id=11036, stack(0x000000bcf3300000,0x000000bcf3400000)]
  0x00000297b11f5ad0 JavaThread "Common-Cleaner" daemon [_thread_blocked, id=18016, stack(0x000000bcf3400000,0x000000bcf3500000)]
  0x00000297b21b1540 JavaThread "Notification Thread" daemon [_thread_blocked, id=14556, stack(0x000000bcf3800000,0x000000bcf3900000)]
  0x00000297b1fae5e0 JavaThread "QuantumRenderer-0" daemon [_thread_blocked, id=15516, stack(0x000000bcf3a00000,0x000000bcf3b00000)]
  0x00000297b2946520 JavaThread "InvokeLaterDispatcher" daemon [_thread_blocked, id=14432, stack(0x000000bcf3b00000,0x000000bcf3c00000)]
  0x00000297b2947920 JavaThread "JavaFX Application Thread" [_thread_blocked, id=26816, stack(0x000000bcf3c00000,0x000000bcf3d00000)]
  0x00000297b29cbc60 JavaThread "Thread-1" daemon [_thread_in_native, id=9080, stack(0x000000bcf4000000,0x000000bcf4100000)]
  0x00000297b298d160 JavaThread "JavaFX-Launcher" [_thread_blocked, id=17056, stack(0x000000bcf4100000,0x000000bcf4200000)]
  0x00000297b945b240 JavaThread "Prism Font Disposer" daemon [_thread_blocked, id=2460, stack(0x000000bcf4600000,0x000000bcf4700000)]
  0x00000297b3204bb0 JavaThread "Cleaner-0" daemon [_thread_blocked, id=19104, stack(0x000000bcf4700000,0x000000bcf4800000)]

Other Threads:
=>0x00000297b120f0d0 VMThread "VM Thread" [stack: 0x000000bcf2b00000,0x000000bcf2c00000] [id=22448]
  0x0000029793099fa0 GCTaskThread "GC Thread#0" [stack: 0x000000bcf2600000,0x000000bcf2700000] [id=10172]
  0x00000297b1ef6ad0 GCTaskThread "GC Thread#1" [stack: 0x000000bcf3600000,0x000000bcf3700000] [id=4772]
  0x00000297b1ef6e00 GCTaskThread "GC Thread#2" [stack: 0x000000bcf3700000,0x000000bcf3800000] [id=25188]
  0x00000297b269d610 GCTaskThread "GC Thread#3" [stack: 0x000000bcf4200000,0x000000bcf4300000] [id=22924]
  0x00000297930accd0 ConcurrentGCThread "G1 Main Marker" [stack: 0x000000bcf2700000,0x000000bcf2800000] [id=13788]
  0x00000297930ae060 ConcurrentGCThread "G1 Conc#0" [stack: 0x000000bcf2800000,0x000000bcf2900000] [id=21052]
  0x00000297931243f0 ConcurrentGCThread "G1 Refine#0" [stack: 0x000000bcf2900000,0x000000bcf2a00000] [id=4980]
  0x0000029793124f00 ConcurrentGCThread "G1 Young RemSet Sampling" [stack: 0x000000bcf2a00000,0x000000bcf2b00000] [id=11936]

Threads with active compile tasks:

VM state: at safepoint (shutting down)

VM Mutex/Monitor currently owned by a thread:  ([mutex/lock_event])
[0x00000297930540c0] Threads_lock - owner thread: 0x00000297b120f0d0
[0x0000029793053c40] Heap_lock - owner thread: 0x00000297b2947920

Heap address: 0x0000000082200000, size: 2014 MB, Compressed Oops mode: 32-bit
CDS archive(s) mapped at: [0x0000000800000000-0x0000000800b50000-0x0000000800b50000), size 11862016, SharedBaseAddress: 0x0000000800000000, ArchiveRelocationMode: 0.
Compressed class space mapped at: 0x0000000800b50000-0x0000000840b50000, size: 1073741824
Narrow klass base: 0x0000000800000000, Narrow klass shift: 3, Narrow klass range: 0x100000000

GC Precious Log:
 CPUs: 4 total, 4 available
 Memory: 8051M
 Large Page Support: Disabled
 NUMA Support: Disabled
 Compressed Oops: Enabled (32-bit)
 Heap Region Size: 1M
 Heap Min Capacity: 8M
 Heap Initial Capacity: 126M
 Heap Max Capacity: 2014M
 Pre-touch: Disabled
 Parallel Workers: 4
 Concurrent Workers: 1
 Concurrent Refinement Workers: 4
 Periodic GC: Disabled

Heap:
 garbage-first heap   total 129024K, used 47116K [0x0000000082200000, 0x0000000100000000)
  region size 1024K, 45 young (46080K), 3 survivors (3072K)
 Metaspace       used 15317K, capacity 15472K, committed 15616K, reserved 1062912K
  class space    used 2199K, capacity 2262K, committed 2304K, reserved 1048576K

Heap Regions: E=young(eden), S=young(survivor), O=old, HS=humongous(starts), HC=humongous(continues), CS=collection set, F=free, OA=open archive, CA=closed archive, TAMS=top-at-mark-start (previous, next)
|   0|0x0000000082200000, 0x0000000082203200, 0x0000000082300000|  1%| O|  |TAMS 0x0000000082200000, 0x0000000082200000| Untracked 
|   1|0x0000000082300000, 0x0000000082400000, 0x0000000082400000|100%|HS|  |TAMS 0x0000000082300000, 0x0000000082300000| Complete 
|   2|0x0000000082400000, 0x0000000082500000, 0x0000000082500000|100%|HS|  |TAMS 0x0000000082400000, 0x0000000082400000| Complete 
|   3|0x0000000082500000, 0x0000000082600000, 0x0000000082600000|100%|HC|  |TAMS 0x0000000082500000, 0x0000000082500000| Complete 
|   4|0x0000000082600000, 0x0000000082600000, 0x0000000082700000|  0%| F|  |TAMS 0x0000000082600000, 0x0000000082600000| Untracked 
|   5|0x0000000082700000, 0x0000000082700000, 0x0000000082800000|  0%| F|  |TAMS 0x0000000082700000, 0x0000000082700000| Untracked 
|   6|0x0000000082800000, 0x0000000082800000, 0x0000000082900000|  0%| F|  |TAMS 0x0000000082800000, 0x0000000082800000| Untracked 
|   7|0x0000000082900000, 0x0000000082900000, 0x0000000082a00000|  0%| F|  |TAMS 0x0000000082900000, 0x0000000082900000| Untracked 
|   8|0x0000000082a00000, 0x0000000082a00000, 0x0000000082b00000|  0%| F|  |TAMS 0x0000000082a00000, 0x0000000082a00000| Untracked 
|   9|0x0000000082b00000, 0x0000000082b00000, 0x0000000082c00000|  0%| F|  |TAMS 0x0000000082b00000, 0x0000000082b00000| Untracked 
|  10|0x0000000082c00000, 0x0000000082c00000, 0x0000000082d00000|  0%| F|  |TAMS 0x0000000082c00000, 0x0000000082c00000| Untracked 
|  11|0x0000000082d00000, 0x0000000082d00000, 0x0000000082e00000|  0%| F|  |TAMS 0x0000000082d00000, 0x0000000082d00000| Untracked 
|  12|0x0000000082e00000, 0x0000000082e00000, 0x0000000082f00000|  0%| F|  |TAMS 0x0000000082e00000, 0x0000000082e00000| Untracked 
|  13|0x0000000082f00000, 0x0000000082f00000, 0x0000000083000000|  0%| F|  |TAMS 0x0000000082f00000, 0x0000000082f00000| Untracked 
|  14|0x0000000083000000, 0x0000000083000000, 0x0000000083100000|  0%| F|  |TAMS 0x0000000083000000, 0x0000000083000000| Untracked 
|  15|0x0000000083100000, 0x0000000083100000, 0x0000000083200000|  0%| F|  |TAMS 0x0000000083100000, 0x0000000083100000| Untracked 
|  16|0x0000000083200000, 0x0000000083200000, 0x0000000083300000|  0%| F|  |TAMS 0x0000000083200000, 0x0000000083200000| Untracked 
|  17|0x0000000083300000, 0x0000000083300000, 0x0000000083400000|  0%| F|  |TAMS 0x0000000083300000, 0x0000000083300000| Untracked 
|  18|0x0000000083400000, 0x0000000083400000, 0x0000000083500000|  0%| F|  |TAMS 0x0000000083400000, 0x0000000083400000| Untracked 
|  19|0x0000000083500000, 0x0000000083500000, 0x0000000083600000|  0%| F|  |TAMS 0x0000000083500000, 0x0000000083500000| Untracked 
|  20|0x0000000083600000, 0x0000000083600000, 0x0000000083700000|  0%| F|  |TAMS 0x0000000083600000, 0x0000000083600000| Untracked 
|  21|0x0000000083700000, 0x0000000083700000, 0x0000000083800000|  0%| F|  |TAMS 0x0000000083700000, 0x0000000083700000| Untracked 
|  22|0x0000000083800000, 0x0000000083800000, 0x0000000083900000|  0%| F|  |TAMS 0x0000000083800000, 0x0000000083800000| Untracked 
|  23|0x0000000083900000, 0x0000000083900000, 0x0000000083a00000|  0%| F|  |TAMS 0x0000000083900000, 0x0000000083900000| Untracked 
|  24|0x0000000083a00000, 0x0000000083a00000, 0x0000000083b00000|  0%| F|  |TAMS 0x0000000083a00000, 0x0000000083a00000| Untracked 
|  25|0x0000000083b00000, 0x0000000083b00000, 0x0000000083c00000|  0%| F|  |TAMS 0x0000000083b00000, 0x0000000083b00000| Untracked 
|  26|0x0000000083c00000, 0x0000000083c00000, 0x0000000083d00000|  0%| F|  |TAMS 0x0000000083c00000, 0x0000000083c00000| Untracked 
|  27|0x0000000083d00000, 0x0000000083d00000, 0x0000000083e00000|  0%| F|  |TAMS 0x0000000083d00000, 0x0000000083d00000| Untracked 
|  28|0x0000000083e00000, 0x0000000083e00000, 0x0000000083f00000|  0%| F|  |TAMS 0x0000000083e00000, 0x0000000083e00000| Untracked 
|  29|0x0000000083f00000, 0x0000000083f00000, 0x0000000084000000|  0%| F|  |TAMS 0x0000000083f00000, 0x0000000083f00000| Untracked 
|  30|0x0000000084000000, 0x0000000084000000, 0x0000000084100000|  0%| F|  |TAMS 0x0000000084000000, 0x0000000084000000| Untracked 
|  31|0x0000000084100000, 0x0000000084100000, 0x0000000084200000|  0%| F|  |TAMS 0x0000000084100000, 0x0000000084100000| Untracked 
|  32|0x0000000084200000, 0x0000000084200000, 0x0000000084300000|  0%| F|  |TAMS 0x0000000084200000, 0x0000000084200000| Untracked 
|  33|0x0000000084300000, 0x0000000084300000, 0x0000000084400000|  0%| F|  |TAMS 0x0000000084300000, 0x0000000084300000| Untracked 
|  34|0x0000000084400000, 0x0000000084400000, 0x0000000084500000|  0%| F|  |TAMS 0x0000000084400000, 0x0000000084400000| Untracked 
|  35|0x0000000084500000, 0x0000000084500000, 0x0000000084600000|  0%| F|  |TAMS 0x0000000084500000, 0x0000000084500000| Untracked 
|  36|0x0000000084600000, 0x0000000084600000, 0x0000000084700000|  0%| F|  |TAMS 0x0000000084600000, 0x0000000084600000| Untracked 
|  37|0x0000000084700000, 0x0000000084700000, 0x0000000084800000|  0%| F|  |TAMS 0x0000000084700000, 0x0000000084700000| Untracked 
|  38|0x0000000084800000, 0x0000000084800000, 0x0000000084900000|  0%| F|  |TAMS 0x0000000084800000, 0x0000000084800000| Untracked 
|  39|0x0000000084900000, 0x0000000084900000, 0x0000000084a00000|  0%| F|  |TAMS 0x0000000084900000, 0x0000000084900000| Untracked 
|  40|0x0000000084a00000, 0x0000000084a00000, 0x0000000084b00000|  0%| F|  |TAMS 0x0000000084a00000, 0x0000000084a00000| Untracked 
|  41|0x0000000084b00000, 0x0000000084b00000, 0x0000000084c00000|  0%| F|  |TAMS 0x0000000084b00000, 0x0000000084b00000| Untracked 
|  42|0x0000000084c00000, 0x0000000084c00000, 0x0000000084d00000|  0%| F|  |TAMS 0x0000000084c00000, 0x0000000084c00000| Untracked 
|  43|0x0000000084d00000, 0x0000000084d00000, 0x0000000084e00000|  0%| F|  |TAMS 0x0000000084d00000, 0x0000000084d00000| Untracked 
|  44|0x0000000084e00000, 0x0000000084e00000, 0x0000000084f00000|  0%| F|  |TAMS 0x0000000084e00000, 0x0000000084e00000| Untracked 
|  45|0x0000000084f00000, 0x0000000084f00000, 0x0000000085000000|  0%| F|  |TAMS 0x0000000084f00000, 0x0000000084f00000| Untracked 
|  46|0x0000000085000000, 0x0000000085000000, 0x0000000085100000|  0%| F|  |TAMS 0x0000000085000000, 0x0000000085000000| Untracked 
|  47|0x0000000085100000, 0x0000000085100000, 0x0000000085200000|  0%| F|  |TAMS 0x0000000085100000, 0x0000000085100000| Untracked 
|  48|0x0000000085200000, 0x0000000085200000, 0x0000000085300000|  0%| F|  |TAMS 0x0000000085200000, 0x0000000085200000| Untracked 
|  49|0x0000000085300000, 0x0000000085300000, 0x0000000085400000|  0%| F|  |TAMS 0x0000000085300000, 0x0000000085300000| Untracked 
|  50|0x0000000085400000, 0x0000000085400000, 0x0000000085500000|  0%| F|  |TAMS 0x0000000085400000, 0x0000000085400000| Untracked 
|  51|0x0000000085500000, 0x0000000085500000, 0x0000000085600000|  0%| F|  |TAMS 0x0000000085500000, 0x0000000085500000| Untracked 
|  52|0x0000000085600000, 0x0000000085600000, 0x0000000085700000|  0%| F|  |TAMS 0x0000000085600000, 0x0000000085600000| Untracked 
|  53|0x0000000085700000, 0x0000000085700000, 0x0000000085800000|  0%| F|  |TAMS 0x0000000085700000, 0x0000000085700000| Untracked 
|  54|0x0000000085800000, 0x0000000085800000, 0x0000000085900000|  0%| F|  |TAMS 0x0000000085800000, 0x0000000085800000| Untracked 
|  55|0x0000000085900000, 0x0000000085900000, 0x0000000085a00000|  0%| F|  |TAMS 0x0000000085900000, 0x0000000085900000| Untracked 
|  56|0x0000000085a00000, 0x0000000085a00000, 0x0000000085b00000|  0%| F|  |TAMS 0x0000000085a00000, 0x0000000085a00000| Untracked 
|  57|0x0000000085b00000, 0x0000000085b00000, 0x0000000085c00000|  0%| F|  |TAMS 0x0000000085b00000, 0x0000000085b00000| Untracked 
|  58|0x0000000085c00000, 0x0000000085c00000, 0x0000000085d00000|  0%| F|  |TAMS 0x0000000085c00000, 0x0000000085c00000| Untracked 
|  59|0x0000000085d00000, 0x0000000085d00000, 0x0000000085e00000|  0%| F|  |TAMS 0x0000000085d00000, 0x0000000085d00000| Untracked 
|  60|0x0000000085e00000, 0x0000000085e00000, 0x0000000085f00000|  0%| F|  |TAMS 0x0000000085e00000, 0x0000000085e00000| Untracked 
|  61|0x0000000085f00000, 0x0000000085f00000, 0x0000000086000000|  0%| F|  |TAMS 0x0000000085f00000, 0x0000000085f00000| Untracked 
|  62|0x0000000086000000, 0x0000000086000000, 0x0000000086100000|  0%| F|  |TAMS 0x0000000086000000, 0x0000000086000000| Untracked 
|  63|0x0000000086100000, 0x0000000086100000, 0x0000000086200000|  0%| F|  |TAMS 0x0000000086100000, 0x0000000086100000| Untracked 
|  64|0x0000000086200000, 0x0000000086200000, 0x0000000086300000|  0%| F|  |TAMS 0x0000000086200000, 0x0000000086200000| Untracked 
|  65|0x0000000086300000, 0x0000000086300000, 0x0000000086400000|  0%| F|  |TAMS 0x0000000086300000, 0x0000000086300000| Untracked 
|  66|0x0000000086400000, 0x0000000086400000, 0x0000000086500000|  0%| F|  |TAMS 0x0000000086400000, 0x0000000086400000| Untracked 
|  67|0x0000000086500000, 0x0000000086500000, 0x0000000086600000|  0%| F|  |TAMS 0x0000000086500000, 0x0000000086500000| Untracked 
|  68|0x0000000086600000, 0x0000000086600000, 0x0000000086700000|  0%| F|  |TAMS 0x0000000086600000, 0x0000000086600000| Untracked 
|  69|0x0000000086700000, 0x0000000086700000, 0x0000000086800000|  0%| F|  |TAMS 0x0000000086700000, 0x0000000086700000| Untracked 
|  70|0x0000000086800000, 0x0000000086800000, 0x0000000086900000|  0%| F|  |TAMS 0x0000000086800000, 0x0000000086800000| Untracked 
|  71|0x0000000086900000, 0x0000000086900000, 0x0000000086a00000|  0%| F|  |TAMS 0x0000000086900000, 0x0000000086900000| Untracked 
|  72|0x0000000086a00000, 0x0000000086a00000, 0x0000000086b00000|  0%| F|  |TAMS 0x0000000086a00000, 0x0000000086a00000| Untracked 
|  73|0x0000000086b00000, 0x0000000086b00000, 0x0000000086c00000|  0%| F|  |TAMS 0x0000000086b00000, 0x0000000086b00000| Untracked 
|  74|0x0000000086c00000, 0x0000000086c00000, 0x0000000086d00000|  0%| F|  |TAMS 0x0000000086c00000, 0x0000000086c00000| Untracked 
|  75|0x0000000086d00000, 0x0000000086d00000, 0x0000000086e00000|  0%| F|  |TAMS 0x0000000086d00000, 0x0000000086d00000| Untracked 
|  76|0x0000000086e00000, 0x0000000086e00000, 0x0000000086f00000|  0%| F|  |TAMS 0x0000000086e00000, 0x0000000086e00000| Untracked 
|  77|0x0000000086f00000, 0x0000000086f00000, 0x0000000087000000|  0%| F|  |TAMS 0x0000000086f00000, 0x0000000086f00000| Untracked 
|  78|0x0000000087000000, 0x0000000087000000, 0x0000000087100000|  0%| F|  |TAMS 0x0000000087000000, 0x0000000087000000| Untracked 
|  79|0x0000000087100000, 0x0000000087100000, 0x0000000087200000|  0%| F|  |TAMS 0x0000000087100000, 0x0000000087100000| Untracked 
|  80|0x0000000087200000, 0x0000000087200000, 0x0000000087300000|  0%| F|  |TAMS 0x0000000087200000, 0x0000000087200000| Untracked 
|  81|0x0000000087300000, 0x000000008737b638, 0x0000000087400000| 48%| E|  |TAMS 0x0000000087300000, 0x0000000087300000| Complete 
|  82|0x0000000087400000, 0x0000000087500000, 0x0000000087500000|100%| E|CS|TAMS 0x0000000087400000, 0x0000000087400000| Complete 
|  83|0x0000000087500000, 0x0000000087600000, 0x0000000087600000|100%| E|CS|TAMS 0x0000000087500000, 0x0000000087500000| Complete 
|  84|0x0000000087600000, 0x0000000087700000, 0x0000000087700000|100%| E|CS|TAMS 0x0000000087600000, 0x0000000087600000| Complete 
|  85|0x0000000087700000, 0x0000000087800000, 0x0000000087800000|100%| E|CS|TAMS 0x0000000087700000, 0x0000000087700000| Complete 
|  86|0x0000000087800000, 0x0000000087900000, 0x0000000087900000|100%| E|CS|TAMS 0x0000000087800000, 0x0000000087800000| Complete 
|  87|0x0000000087900000, 0x0000000087a00000, 0x0000000087a00000|100%| E|CS|TAMS 0x0000000087900000, 0x0000000087900000| Complete 
|  88|0x0000000087a00000, 0x0000000087b00000, 0x0000000087b00000|100%| E|CS|TAMS 0x0000000087a00000, 0x0000000087a00000| Complete 
|  89|0x0000000087b00000, 0x0000000087c00000, 0x0000000087c00000|100%| E|CS|TAMS 0x0000000087b00000, 0x0000000087b00000| Complete 
|  90|0x0000000087c00000, 0x0000000087d00000, 0x0000000087d00000|100%| E|CS|TAMS 0x0000000087c00000, 0x0000000087c00000| Complete 
|  91|0x0000000087d00000, 0x0000000087e00000, 0x0000000087e00000|100%| E|CS|TAMS 0x0000000087d00000, 0x0000000087d00000| Complete 
|  92|0x0000000087e00000, 0x0000000087f00000, 0x0000000087f00000|100%| E|CS|TAMS 0x0000000087e00000, 0x0000000087e00000| Complete 
|  93|0x0000000087f00000, 0x0000000088000000, 0x0000000088000000|100%| E|CS|TAMS 0x0000000087f00000, 0x0000000087f00000| Complete 
|  94|0x0000000088000000, 0x0000000088100000, 0x0000000088100000|100%| E|CS|TAMS 0x0000000088000000, 0x0000000088000000| Complete 
|  95|0x0000000088100000, 0x0000000088200000, 0x0000000088200000|100%| E|CS|TAMS 0x0000000088100000, 0x0000000088100000| Complete 
|  96|0x0000000088200000, 0x0000000088300000, 0x0000000088300000|100%| E|CS|TAMS 0x0000000088200000, 0x0000000088200000| Complete 
|  97|0x0000000088300000, 0x0000000088400000, 0x0000000088400000|100%| E|CS|TAMS 0x0000000088300000, 0x0000000088300000| Complete 
|  98|0x0000000088400000, 0x0000000088500000, 0x0000000088500000|100%| E|CS|TAMS 0x0000000088400000, 0x0000000088400000| Complete 
|  99|0x0000000088500000, 0x0000000088600000, 0x0000000088600000|100%| E|CS|TAMS 0x0000000088500000, 0x0000000088500000| Complete 
| 100|0x0000000088600000, 0x0000000088700000, 0x0000000088700000|100%| E|CS|TAMS 0x0000000088600000, 0x0000000088600000| Complete 
| 101|0x0000000088700000, 0x0000000088800000, 0x0000000088800000|100%| E|CS|TAMS 0x0000000088700000, 0x0000000088700000| Complete 
| 102|0x0000000088800000, 0x0000000088900000, 0x0000000088900000|100%| E|CS|TAMS 0x0000000088800000, 0x0000000088800000| Complete 
| 103|0x0000000088900000, 0x0000000088a00000, 0x0000000088a00000|100%| E|CS|TAMS 0x0000000088900000, 0x0000000088900000| Complete 
| 104|0x0000000088a00000, 0x0000000088b00000, 0x0000000088b00000|100%| S|CS|TAMS 0x0000000088a00000, 0x0000000088a00000| Complete 
| 105|0x0000000088b00000, 0x0000000088c00000, 0x0000000088c00000|100%| S|CS|TAMS 0x0000000088b00000, 0x0000000088b00000| Complete 
| 106|0x0000000088c00000, 0x0000000088d00000, 0x0000000088d00000|100%| S|CS|TAMS 0x0000000088c00000, 0x0000000088c00000| Complete 
| 107|0x0000000088d00000, 0x0000000088e00000, 0x0000000088e00000|100%| E|CS|TAMS 0x0000000088d00000, 0x0000000088d00000| Complete 
| 108|0x0000000088e00000, 0x0000000088f00000, 0x0000000088f00000|100%| E|CS|TAMS 0x0000000088e00000, 0x0000000088e00000| Complete 
| 109|0x0000000088f00000, 0x0000000089000000, 0x0000000089000000|100%| E|CS|TAMS 0x0000000088f00000, 0x0000000088f00000| Complete 
| 110|0x0000000089000000, 0x0000000089100000, 0x0000000089100000|100%| E|CS|TAMS 0x0000000089000000, 0x0000000089000000| Complete 
| 111|0x0000000089100000, 0x0000000089200000, 0x0000000089200000|100%| E|CS|TAMS 0x0000000089100000, 0x0000000089100000| Complete 
| 112|0x0000000089200000, 0x0000000089300000, 0x0000000089300000|100%| E|CS|TAMS 0x0000000089200000, 0x0000000089200000| Complete 
| 113|0x0000000089300000, 0x0000000089400000, 0x0000000089400000|100%| E|CS|TAMS 0x0000000089300000, 0x0000000089300000| Complete 
| 114|0x0000000089400000, 0x0000000089500000, 0x0000000089500000|100%| E|CS|TAMS 0x0000000089400000, 0x0000000089400000| Complete 
| 115|0x0000000089500000, 0x0000000089600000, 0x0000000089600000|100%| E|CS|TAMS 0x0000000089500000, 0x0000000089500000| Complete 
| 116|0x0000000089600000, 0x0000000089700000, 0x0000000089700000|100%| E|CS|TAMS 0x0000000089600000, 0x0000000089600000| Complete 
| 117|0x0000000089700000, 0x0000000089800000, 0x0000000089800000|100%| E|CS|TAMS 0x0000000089700000, 0x0000000089700000| Complete 
| 118|0x0000000089800000, 0x0000000089900000, 0x0000000089900000|100%| E|CS|TAMS 0x0000000089800000, 0x0000000089800000| Complete 
| 119|0x0000000089900000, 0x0000000089a00000, 0x0000000089a00000|100%| E|CS|TAMS 0x0000000089900000, 0x0000000089900000| Complete 
| 120|0x0000000089a00000, 0x0000000089b00000, 0x0000000089b00000|100%| E|CS|TAMS 0x0000000089a00000, 0x0000000089a00000| Complete 
| 121|0x0000000089b00000, 0x0000000089c00000, 0x0000000089c00000|100%| E|  |TAMS 0x0000000089b00000, 0x0000000089b00000| Complete 
| 122|0x0000000089c00000, 0x0000000089d00000, 0x0000000089d00000|100%| E|CS|TAMS 0x0000000089c00000, 0x0000000089c00000| Complete 
| 123|0x0000000089d00000, 0x0000000089e00000, 0x0000000089e00000|100%| E|CS|TAMS 0x0000000089d00000, 0x0000000089d00000| Complete 
| 124|0x0000000089e00000, 0x0000000089f00000, 0x0000000089f00000|100%| E|CS|TAMS 0x0000000089e00000, 0x0000000089e00000| Complete 
| 125|0x0000000089f00000, 0x000000008a000000, 0x000000008a000000|100%| E|CS|TAMS 0x0000000089f00000, 0x0000000089f00000| Complete 

Card table byte_map: [0x00000297aa680000,0x00000297aaa70000] _byte_map_base: 0x00000297aa26f000

Marking Bits (Prev, Next): (CMBitMap*) 0x000002979309b7a0, (CMBitMap*) 0x000002979309b7e0
 Prev Bits: [0x00000297aae60000, 0x00000297acdd8000)
 Next Bits: [0x00000297acde0000, 0x00000297aed58000)

Polling page: 0x0000029790fb0000

Metaspace:

Usage:
  Non-class:     12.90 MB capacity,    12.81 MB (>99%) used,    69.09 KB ( <1%) free+waste,    23.31 KB ( <1%) overhead. 
      Class:      2.21 MB capacity,     2.15 MB ( 97%) used,    51.87 KB (  2%) free+waste,    10.25 KB ( <1%) overhead. 
       Both:     15.11 MB capacity,    14.96 MB (>99%) used,   120.95 KB ( <1%) free+waste,    33.56 KB ( <1%) overhead. 

Virtual space:
  Non-class space:       14.00 MB reserved,      13.00 MB ( 93%) committed 
      Class space:        1.00 GB reserved,       2.25 MB ( <1%) committed 
             Both:        1.01 GB reserved,      15.25 MB (  1%) committed 

Chunk freelists:
   Non-Class:  38.00 KB
       Class:  10.00 KB
        Both:  48.00 KB

MaxMetaspaceSize: 17179869184.00 GB
CompressedClassSpaceSize: 1.00 GB

CodeHeap 'non-profiled nmethods': size=120000Kb used=863Kb max_used=863Kb free=119136Kb
 bounds [0x00000297a2d60000, 0x00000297a2fd0000, 0x00000297aa290000]
CodeHeap 'profiled nmethods': size=120000Kb used=3697Kb max_used=3697Kb free=116302Kb
 bounds [0x000002979b830000, 0x000002979bbd0000, 0x00000297a2d60000]
CodeHeap 'non-nmethods': size=5760Kb used=1427Kb max_used=1553Kb free=4332Kb
 bounds [0x000002979b290000, 0x000002979b500000, 0x000002979b830000]
 total_blobs=2930 nmethods=2174 adapters=668
 compilation: enabled
              stopped_count=0, restarted_count=0
 full_count=0

Compilation events (20 events):
Event: 6.787 Thread 0x00000297b123f490 2175       3       java.lang.ref.ReferenceQueue$Lock::<init> (5 bytes)
Event: 6.787 Thread 0x00000297b123f490 nmethod 2175 0x000002979bbc9d10 code [0x000002979bbc9ea0, 0x000002979bbc9ff8]
Event: 6.883 Thread 0x00000297b123f490 2176       3       java.util.WeakHashMap::entrySet (27 bytes)
Event: 6.884 Thread 0x00000297b123f490 nmethod 2176 0x000002979bbca090 code [0x000002979bbca260, 0x000002979bbca658]
Event: 6.884 Thread 0x00000297b123f490 2177       3       java.util.WeakHashMap$EntrySet::iterator (12 bytes)
Event: 6.884 Thread 0x00000297b123f490 nmethod 2177 0x000002979bbca790 code [0x000002979bbca940, 0x000002979bbcaba8]
Event: 6.899 Thread 0x00000297b123f490 2178       1       com.sun.scenario.animation.AnimationPulse::getEnabled (5 bytes)
Event: 6.899 Thread 0x00000297b123f490 nmethod 2178 0x00000297a2e37510 code [0x00000297a2e376a0, 0x00000297a2e37758]
Event: 6.931 Thread 0x00000297b123f490 2179       1       java.lang.Thread::isInterrupted (5 bytes)
Event: 6.931 Thread 0x00000297b123f490 nmethod 2179 0x00000297a2e37810 code [0x00000297a2e379a0, 0x00000297a2e37a58]
Event: 6.947 Thread 0x00000297b123f490 2180       1       com.sun.glass.ui.InvokeLaterDispatcher$Future::isDone (5 bytes)
Event: 6.947 Thread 0x00000297b123f490 nmethod 2180 0x00000297a2e37b10 code [0x00000297a2e37ca0, 0x00000297a2e37d58]
Event: 6.947 Thread 0x00000297b123f490 2181       3       java.util.concurrent.locks.AbstractQueuedSynchronizer::release (19 bytes)
Event: 6.948 Thread 0x00000297b123f490 nmethod 2181 0x000002979bbcac90 code [0x000002979bbcae80, 0x000002979bbcb2c8]
Event: 6.982 Thread 0x00000297b123f490 2182       3       java.util.concurrent.locks.ReentrantLock$Sync::tryRelease (51 bytes)
Event: 6.984 Thread 0x00000297b123f490 nmethod 2182 0x000002979bbcb490 code [0x000002979bbcb640, 0x000002979bbcb988]
Event: 6.986 Thread 0x00000297b123f490 2183       3       java.lang.invoke.MethodHandle::asType (28 bytes)
Event: 6.988 Thread 0x00000297b123f490 nmethod 2183 0x000002979bbcba90 code [0x000002979bbcbc40, 0x000002979bbcbf88]
Event: 6.991 Thread 0x00000297b123f490 2184       3       java.util.concurrent.ConcurrentHashMap::sumCount (60 bytes)
Event: 6.992 Thread 0x00000297b123f490 nmethod 2184 0x000002979bbcc090 code [0x000002979bbcc240, 0x000002979bbcc498]

GC Heap History (4 events):
Event: 0.269 GC heap before
{Heap before GC invocations=0 (full 0):
 garbage-first heap   total 129024K, used 13312K [0x0000000082200000, 0x0000000100000000)
  region size 1024K, 13 young (13312K), 0 survivors (0K)
 Metaspace       used 877K, capacity 4492K, committed 4864K, reserved 1056768K
  class space    used 85K, capacity 388K, committed 512K, reserved 1048576K
}
Event: 0.273 GC heap after
{Heap after GC invocations=1 (full 0):
 garbage-first heap   total 129024K, used 952K [0x0000000082200000, 0x0000000100000000)
  region size 1024K, 1 young (1024K), 1 survivors (1024K)
 Metaspace       used 877K, capacity 4492K, committed 4864K, reserved 1056768K
  class space    used 85K, capacity 388K, committed 512K, reserved 1048576K
}
Event: 0.887 GC heap before
{Heap before GC invocations=1 (full 0):
 garbage-first heap   total 129024K, used 18360K [0x0000000082200000, 0x0000000100000000)
  region size 1024K, 19 young (19456K), 1 survivors (1024K)
 Metaspace       used 4368K, capacity 6560K, committed 6912K, reserved 1056768K
  class space    used 484K, capacity 670K, committed 768K, reserved 1048576K
}
Event: 0.892 GC heap after
{Heap after GC invocations=2 (full 0):
 garbage-first heap   total 129024K, used 3084K [0x0000000082200000, 0x0000000100000000)
  region size 1024K, 3 young (3072K), 3 survivors (3072K)
 Metaspace       used 4368K, capacity 6560K, committed 6912K, reserved 1056768K
  class space    used 484K, capacity 670K, committed 768K, reserved 1048576K
}

Deoptimization events (20 events):
Event: 1.941 Thread 0x00000297b1fae5e0 DEOPT PACKING pc=0x000002979bb5d797 sp=0x000000bcf3afdda0
Event: 1.941 Thread 0x00000297b1fae5e0 DEOPT UNPACKING pc=0x000002979b2de23f sp=0x000000bcf3afd1f8 mode 0
Event: 1.942 Thread 0x00000297b1fae5e0 DEOPT PACKING pc=0x000002979bb5d797 sp=0x000000bcf3afdda0
Event: 1.942 Thread 0x00000297b1fae5e0 DEOPT UNPACKING pc=0x000002979b2de23f sp=0x000000bcf3afd1f8 mode 0
Event: 1.948 Thread 0x00000297b1fae5e0 DEOPT PACKING pc=0x000002979bb5d797 sp=0x000000bcf3afde40
Event: 1.948 Thread 0x00000297b1fae5e0 DEOPT UNPACKING pc=0x000002979b2de23f sp=0x000000bcf3afd298 mode 0
Event: 1.949 Thread 0x00000297b1fae5e0 DEOPT PACKING pc=0x000002979bb5d797 sp=0x000000bcf3afde40
Event: 1.949 Thread 0x00000297b1fae5e0 DEOPT UNPACKING pc=0x000002979b2de23f sp=0x000000bcf3afd298 mode 0
Event: 1.950 Thread 0x00000297b1fae5e0 DEOPT PACKING pc=0x000002979bb5d797 sp=0x000000bcf3afde40
Event: 1.950 Thread 0x00000297b1fae5e0 DEOPT UNPACKING pc=0x000002979b2de23f sp=0x000000bcf3afd298 mode 0
Event: 1.950 Thread 0x00000297b1fae5e0 DEOPT PACKING pc=0x000002979bb5d797 sp=0x000000bcf3afde40
Event: 1.950 Thread 0x00000297b1fae5e0 DEOPT UNPACKING pc=0x000002979b2de23f sp=0x000000bcf3afd298 mode 0
Event: 1.955 Thread 0x00000297b1fae5e0 DEOPT PACKING pc=0x000002979bb5d854 sp=0x000000bcf3afe090
Event: 1.955 Thread 0x00000297b1fae5e0 DEOPT UNPACKING pc=0x000002979b2de23f sp=0x000000bcf3afd4f8 mode 0
Event: 1.957 Thread 0x00000297b1fae5e0 DEOPT PACKING pc=0x000002979bb5d797 sp=0x000000bcf3afe090
Event: 1.957 Thread 0x00000297b1fae5e0 DEOPT UNPACKING pc=0x000002979b2de23f sp=0x000000bcf3afd4e8 mode 0
Event: 1.958 Thread 0x00000297b1fae5e0 DEOPT PACKING pc=0x000002979bb5d797 sp=0x000000bcf3afe090
Event: 1.958 Thread 0x00000297b1fae5e0 DEOPT UNPACKING pc=0x000002979b2de23f sp=0x000000bcf3afd4e8 mode 0
Event: 6.754 Thread 0x00000297b1fae5e0 DEOPT PACKING pc=0x000002979bbb8eee sp=0x000000bcf3afdc10
Event: 6.754 Thread 0x00000297b1fae5e0 DEOPT UNPACKING pc=0x000002979b2de23f sp=0x000000bcf3afd488 mode 0

Classes unloaded (0 events):
No events

Classes redefined (0 events):
No events

Internal exceptions (20 events):
Event: 0.886 Thread 0x0000029793057e30 Exception <a 'java/lang/NoSuchMethodError'{0x0000000088db0ef0}: 'java.lang.Object java.lang.invoke.DirectMethodHandle$Holder.newInvokeSpecial(java.lang.Object, java.lang.Object, java.lang.Object, java.lang.Object, java.lang.Object)'> (0x0000000088db0ef0) 
thrown [./open/src/hotspot/share/interpreter/linkResolver.cpp, line 782]
Event: 0.983 Thread 0x00000297b2947920 Exception <a 'sun/nio/fs/WindowsException'{0x0000000089af8700}> (0x0000000089af8700) 
thrown [./open/src/hotspot/share/prims/jni.cpp, line 578]
Event: 1.039 Thread 0x00000297b2947920 Exception <a 'java/lang/NoSuchMethodError'{0x00000000897ccb18}: 'java.lang.Object java.lang.invoke.DirectMethodHandle$Holder.invokeStaticInit(java.lang.Object, java.lang.Object, java.lang.Object, java.lang.Object)'> (0x00000000897ccb18) 
thrown [./open/src/hotspot/share/interpreter/linkResolver.cpp, line 782]
Event: 1.040 Thread 0x00000297b2947920 Exception <a 'java/lang/NullPointerException'{0x00000000897d8d00}> (0x00000000897d8d00) 
thrown [./open/src/hotspot/share/interpreter/linkResolver.cpp, line 1374]
Event: 1.291 Thread 0x00000297b2947920 Exception <a 'sun/nio/fs/WindowsException'{0x0000000088843a10}> (0x0000000088843a10) 
thrown [./open/src/hotspot/share/prims/jni.cpp, line 578]
Event: 1.369 Thread 0x00000297b2947920 Exception <a 'sun/nio/fs/WindowsException'{0x0000000088651850}> (0x0000000088651850) 
thrown [./open/src/hotspot/share/prims/jni.cpp, line 578]
Event: 1.397 Thread 0x00000297b2947920 Implicit null exception at 0x00000297a2ddcf33 to 0x00000297a2ddd434
Event: 1.397 Thread 0x00000297b2947920 Implicit null exception at 0x00000297a2ddbfb3 to 0x00000297a2ddc4c8
Event: 1.589 Thread 0x00000297b2947920 Exception <a 'java/lang/NoSuchMethodError'{0x000000008805fec0}: 'java.lang.Object java.lang.invoke.DirectMethodHandle$Holder.invokeInterface(java.lang.Object, java.lang.Object, java.lang.Object)'> (0x000000008805fec0) 
thrown [./open/src/hotspot/share/interpreter/linkResolver.cpp, line 782]
Event: 1.589 Thread 0x00000297b2947920 Exception <a 'java/lang/IncompatibleClassChangeError'{0x0000000088063a40}: Found class java.lang.Object, but interface was expected> (0x0000000088063a40) 
thrown [./open/src/hotspot/share/interpreter/linkResolver.cpp, line 848]
Event: 1.652 Thread 0x00000297b2947920 Exception <a 'java/lang/ClassNotFoundException'{0x0000000087ed9160}: com/sun/javafx/scene/control/skin/resources/controls> (0x0000000087ed9160) 
thrown [./open/src/hotspot/share/prims/jni.cpp, line 599]
Event: 1.653 Thread 0x00000297b2947920 Exception <a 'java/lang/ClassNotFoundException'{0x0000000087ee6c78}: com/sun/javafx/scene/control/skin/resources/controls_en> (0x0000000087ee6c78) 
thrown [./open/src/hotspot/share/prims/jni.cpp, line 599]
Event: 1.653 Thread 0x00000297b2947920 Exception <a 'java/lang/ClassNotFoundException'{0x0000000087ee82b0}: com/sun/javafx/scene/control/skin/resources/controls_en_US> (0x0000000087ee82b0) 
thrown [./open/src/hotspot/share/prims/jni.cpp, line 599]
Event: 1.698 Thread 0x00000297b2947920 Exception <a 'java/lang/NoSuchMethodError'{0x0000000087c7ec68}: 'void java.lang.invoke.DirectMethodHandle$Holder.invokeSpecial(java.lang.Object, java.lang.Object, java.lang.Object, java.lang.Object, java.lang.Object, java.lang.Object)'> (0x0000000087c7ec68) 
thrown [./open/src/hotspot/share/interpreter/linkResolver.cpp, line 782]
Event: 1.764 Thread 0x00000297b2947920 Exception <a 'java/lang/NoSuchMethodError'{0x000000008798cb20}: 'java.lang.Object java.lang.invoke.DirectMethodHandle$Holder.newInvokeSpecial(java.lang.Object, java.lang.Object, int)'> (0x000000008798cb20) 
thrown [./open/src/hotspot/share/interpreter/linkResolver.cpp, line 782]
Event: 1.796 Thread 0x00000297b1fae5e0 Exception <a 'java/lang/NoSuchMethodError'{0x00000000879e8988}: 'int java.lang.invoke.DirectMethodHandle$Holder.invokeStaticInit(java.lang.Object, java.lang.Object)'> (0x00000000879e8988) 
thrown [./open/src/hotspot/share/interpreter/linkResolver.cpp, line 782]
Event: 3.990 Thread 0x00000297b2947920 Exception <a 'java/lang/NoSuchMethodError'{0x0000000087860a58}: 'long java.lang.invoke.DirectMethodHandle$Holder.invokeStatic(java.lang.Object, java.lang.Object, java.lang.Object)'> (0x0000000087860a58) 
thrown [./open/src/hotspot/share/interpreter/linkResolver.cpp, line 782]
Event: 3.991 Thread 0x00000297b2947920 Exception <a 'java/lang/NoSuchMethodError'{0x00000000878646b0}: 'long java.lang.invoke.DirectMethodHandle$Holder.invokeStaticInit(java.lang.Object, java.lang.Object, java.lang.Object)'> (0x00000000878646b0) 
thrown [./open/src/hotspot/share/interpreter/linkResolver.cpp, line 782]
Event: 3.998 Thread 0x00000297b2947920 Exception <a 'java/lang/NoSuchMethodError'{0x00000000875f84b0}: 'java.lang.Object java.lang.invoke.DirectMethodHandle$Holder.newInvokeSpecial(java.lang.Object, java.lang.Object, long)'> (0x00000000875f84b0) 
thrown [./open/src/hotspot/share/interpreter/linkResolver.cpp, line 782]
Event: 3.999 Thread 0x00000297b2947920 Exception <a 'java/lang/NoSuchMethodError'{0x00000000875fc220}: 'java.lang.Object java.lang.invoke.Invokers$Holder.linkToTargetMethod(java.lang.Object, long, java.lang.Object)'> (0x00000000875fc220) 
thrown [./open/src/hotspot/share/interpreter/linkResolver.cpp, line 782]

Events (20 events):
Event: 2.866 loading class java/util/EnumMap$ValueIterator
Event: 2.867 loading class java/util/EnumMap$EnumMapIterator
Event: 2.867 loading class java/util/EnumMap$EnumMapIterator done
Event: 2.867 loading class java/util/EnumMap$ValueIterator done
Event: 3.328 Executing VM operation: HandshakeAllThreads
Event: 3.329 Executing VM operation: HandshakeAllThreads done
Event: 3.969 loading class java/io/UnsupportedEncodingException
Event: 3.969 loading class java/io/UnsupportedEncodingException done
Event: 4.329 Executing VM operation: HandshakeAllThreads
Event: 4.329 Executing VM operation: HandshakeAllThreads done
Event: 4.820 Loaded shared library C:\Program Files\Java\jdk-15.0.1\bin\java.dll
Event: 5.330 Executing VM operation: HandshakeAllThreads
Event: 5.331 Executing VM operation: HandshakeAllThreads done
Event: 5.785 Loaded shared library C:\Program Files\Java\jdk-15.0.1\bin\java.dll
Event: 6.994 Thread 0x00000297b3202060 Thread added: 0x00000297b3202060
Event: 6.994 Thread 0x00000297b3202a00 Thread added: 0x00000297b3202a00
Event: 7.005 Thread 0x00000297b3202060 Thread exited: 0x00000297b3202060
Event: 7.007 Executing VM operation: Exit
Event: 7.007 Thread 0x00000297b3202a00 Thread exited: 0x00000297b3202a00
Event: 7.007 Thread 0x00000297b122dc80 Thread exited: 0x00000297b122dc80


Dynamic libraries:
0x00007ff6ec8c0000 - 0x00007ff6ec8cf000 	C:\Program Files\Java\jdk-15.0.1\bin\java.exe
0x00007ffa14350000 - 0x00007ffa14546000 	C:\WINDOWS\SYSTEM32\ntdll.dll
0x00007ffa12b00000 - 0x00007ffa12bbd000 	C:\WINDOWS\System32\KERNEL32.DLL
0x00007ffa120e0000 - 0x00007ffa123a9000 	C:\WINDOWS\System32\KERNELBASE.dll
0x00007ffa11e00000 - 0x00007ffa11f00000 	C:\WINDOWS\System32\ucrtbase.dll
0x00007ff9e6ad0000 - 0x00007ff9e6ae9000 	C:\Program Files\Java\jdk-15.0.1\bin\VCRUNTIME140.dll
0x00007ffa02180000 - 0x00007ffa02198000 	C:\Program Files\Java\jdk-15.0.1\bin\jli.dll
0x00007ffa140e0000 - 0x00007ffa1418c000 	C:\WINDOWS\System32\ADVAPI32.dll
0x00007ffa131e0000 - 0x00007ffa1327e000 	C:\WINDOWS\System32\msvcrt.dll
0x00007ffa12fa0000 - 0x00007ffa1303c000 	C:\WINDOWS\System32\sechost.dll
0x00007ffa12c70000 - 0x00007ffa12d9b000 	C:\WINDOWS\System32\RPCRT4.dll
0x00007ffa13040000 - 0x00007ffa131e0000 	C:\WINDOWS\System32\USER32.dll
0x00007ffa11a90000 - 0x00007ffa11ab2000 	C:\WINDOWS\System32\win32u.dll
0x00007ffa141b0000 - 0x00007ffa141da000 	C:\WINDOWS\System32\GDI32.dll
0x00007ffa11b90000 - 0x00007ffa11c9b000 	C:\WINDOWS\System32\gdi32full.dll
0x00007ffa11af0000 - 0x00007ffa11b8d000 	C:\WINDOWS\System32\msvcp_win.dll
0x00007ff9ff780000 - 0x00007ff9ffa1b000 	C:\WINDOWS\WinSxS\amd64_microsoft.windows.common-controls_6595b64144ccf1df_6.0.19041.746_none_ca02b4b61b8320a4\COMCTL32.dll
0x00007ffa06df0000 - 0x00007ffa06dfa000 	C:\WINDOWS\SYSTEM32\VERSION.dll
0x00007ffa134f0000 - 0x00007ffa13520000 	C:\WINDOWS\System32\IMM32.DLL
0x00007ffa01470000 - 0x00007ffa0147c000 	C:\Program Files\Java\jdk-15.0.1\bin\vcruntime140_1.dll
0x00007ff9c5750000 - 0x00007ff9c57e1000 	C:\Program Files\Java\jdk-15.0.1\bin\msvcp140.dll
0x00007ff9c0600000 - 0x00007ff9c115e000 	C:\Program Files\Java\jdk-15.0.1\bin\server\jvm.dll
0x00007ffa14060000 - 0x00007ffa14068000 	C:\WINDOWS\System32\PSAPI.DLL
0x00007ffa10220000 - 0x00007ffa10229000 	C:\WINDOWS\SYSTEM32\WSOCK32.dll
0x00007ffa14070000 - 0x00007ffa140db000 	C:\WINDOWS\System32\WS2_32.dll
0x00007ff9ffd90000 - 0x00007ff9ffdb7000 	C:\WINDOWS\SYSTEM32\WINMM.dll
0x00007ffa10350000 - 0x00007ffa10362000 	C:\WINDOWS\SYSTEM32\kernel.appcore.dll
0x00007ff9ff2e0000 - 0x00007ff9ff2ea000 	C:\Program Files\Java\jdk-15.0.1\bin\jimage.dll
0x00007ffa0f890000 - 0x00007ffa0fa74000 	C:\WINDOWS\SYSTEM32\DBGHELP.DLL
0x00007ff9f4ff0000 - 0x00007ff9f501c000 	C:\WINDOWS\SYSTEM32\dbgcore.DLL
0x00007ffa12010000 - 0x00007ffa12090000 	C:\WINDOWS\System32\bcryptPrimitives.dll
0x00007ff9deae0000 - 0x00007ff9deb05000 	C:\Program Files\Java\jdk-15.0.1\bin\java.dll
0x00007ffa123b0000 - 0x00007ffa12af3000 	C:\WINDOWS\System32\SHELL32.dll
0x00007ffa0fa80000 - 0x00007ffa1020f000 	C:\WINDOWS\SYSTEM32\windows.storage.dll
0x00007ffa13d00000 - 0x00007ffa14056000 	C:\WINDOWS\System32\combase.dll
0x00007ffa114f0000 - 0x00007ffa1151c000 	C:\WINDOWS\SYSTEM32\Wldp.dll
0x00007ffa12bc0000 - 0x00007ffa12c6e000 	C:\WINDOWS\System32\SHCORE.dll
0x00007ffa13640000 - 0x00007ffa13695000 	C:\WINDOWS\System32\shlwapi.dll
0x00007ffa119c0000 - 0x00007ffa119e6000 	C:\WINDOWS\SYSTEM32\profapi.dll
0x00007ff9e25c0000 - 0x00007ff9e25d9000 	C:\Program Files\Java\jdk-15.0.1\bin\net.dll
0x00007ffa05e00000 - 0x00007ffa05f00000 	C:\WINDOWS\SYSTEM32\WINHTTP.dll
0x00007ffa11270000 - 0x00007ffa112da000 	C:\WINDOWS\system32\mswsock.dll
0x00007ff9df670000 - 0x00007ff9df682000 	C:\Program Files\Java\jdk-15.0.1\bin\nio.dll
0x00007ff9dea30000 - 0x00007ff9dea48000 	C:\Program Files\Java\jdk-15.0.1\bin\zip.dll
0x0000029791040000 - 0x0000029791043000 	C:\Users\gilbe\.openjfx\cache\13\api-ms-win-core-console-l1-1-0.dll
0x0000029791050000 - 0x0000029791053000 	C:\Users\gilbe\.openjfx\cache\13\api-ms-win-core-datetime-l1-1-0.dll
0x0000029791060000 - 0x0000029791063000 	C:\Users\gilbe\.openjfx\cache\13\api-ms-win-core-debug-l1-1-0.dll
0x0000029791070000 - 0x0000029791073000 	C:\Users\gilbe\.openjfx\cache\13\api-ms-win-core-errorhandling-l1-1-0.dll
0x0000029792f60000 - 0x0000029792f64000 	C:\Users\gilbe\.openjfx\cache\13\api-ms-win-core-file-l1-1-0.dll
0x0000029792f70000 - 0x0000029792f73000 	C:\Users\gilbe\.openjfx\cache\13\api-ms-win-core-file-l1-2-0.dll
0x0000029792f80000 - 0x0000029792f83000 	C:\Users\gilbe\.openjfx\cache\13\api-ms-win-core-file-l2-1-0.dll
0x0000029792f90000 - 0x0000029792f93000 	C:\Users\gilbe\.openjfx\cache\13\api-ms-win-core-handle-l1-1-0.dll
0x0000029792fa0000 - 0x0000029792fa3000 	C:\Users\gilbe\.openjfx\cache\13\api-ms-win-core-heap-l1-1-0.dll
0x0000029792fb0000 - 0x0000029792fb3000 	C:\Users\gilbe\.openjfx\cache\13\api-ms-win-core-interlocked-l1-1-0.dll
0x0000029792fc0000 - 0x0000029792fc3000 	C:\Users\gilbe\.openjfx\cache\13\api-ms-win-core-libraryloader-l1-1-0.dll
0x0000029792fd0000 - 0x0000029792fd3000 	C:\Users\gilbe\.openjfx\cache\13\api-ms-win-core-localization-l1-2-0.dll
0x0000029792fe0000 - 0x0000029792fe3000 	C:\Users\gilbe\.openjfx\cache\13\api-ms-win-core-memory-l1-1-0.dll
0x0000029792ff0000 - 0x0000029792ff3000 	C:\Users\gilbe\.openjfx\cache\13\api-ms-win-core-namedpipe-l1-1-0.dll
0x0000029793000000 - 0x0000029793003000 	C:\Users\gilbe\.openjfx\cache\13\api-ms-win-core-processenvironment-l1-1-0.dll
0x0000029793010000 - 0x0000029793013000 	C:\Users\gilbe\.openjfx\cache\13\api-ms-win-core-processthreads-l1-1-0.dll
0x0000029793020000 - 0x0000029793023000 	C:\Users\gilbe\.openjfx\cache\13\api-ms-win-core-processthreads-l1-1-1.dll
0x00000297b3760000 - 0x00000297b3763000 	C:\Users\gilbe\.openjfx\cache\13\api-ms-win-core-profile-l1-1-0.dll
0x00000297b3770000 - 0x00000297b3773000 	C:\Users\gilbe\.openjfx\cache\13\api-ms-win-core-rtlsupport-l1-1-0.dll
0x00000297b3780000 - 0x00000297b3783000 	C:\Users\gilbe\.openjfx\cache\13\api-ms-win-core-string-l1-1-0.dll
0x00000297b3790000 - 0x00000297b3793000 	C:\Users\gilbe\.openjfx\cache\13\api-ms-win-core-synch-l1-1-0.dll
0x00000297b37a0000 - 0x00000297b37a3000 	C:\Users\gilbe\.openjfx\cache\13\api-ms-win-core-synch-l1-2-0.dll
0x00000297b37b0000 - 0x00000297b37b3000 	C:\Users\gilbe\.openjfx\cache\13\api-ms-win-core-sysinfo-l1-1-0.dll
0x00000297b37c0000 - 0x00000297b37c3000 	C:\Users\gilbe\.openjfx\cache\13\api-ms-win-core-timezone-l1-1-0.dll
0x00000297b37d0000 - 0x00000297b37d3000 	C:\Users\gilbe\.openjfx\cache\13\api-ms-win-core-util-l1-1-0.dll
0x00000297b37e0000 - 0x00000297b37e3000 	C:\Users\gilbe\.openjfx\cache\13\api-ms-win-crt-conio-l1-1-0.dll
0x00000297b37f0000 - 0x00000297b37f4000 	C:\Users\gilbe\.openjfx\cache\13\api-ms-win-crt-convert-l1-1-0.dll
0x00000297b3800000 - 0x00000297b3803000 	C:\Users\gilbe\.openjfx\cache\13\api-ms-win-crt-environment-l1-1-0.dll
0x00000297b3810000 - 0x00000297b3813000 	C:\Users\gilbe\.openjfx\cache\13\api-ms-win-crt-filesystem-l1-1-0.dll
0x00000297b3820000 - 0x00000297b3823000 	C:\Users\gilbe\.openjfx\cache\13\api-ms-win-crt-heap-l1-1-0.dll
0x00000297b3830000 - 0x00000297b3833000 	C:\Users\gilbe\.openjfx\cache\13\api-ms-win-crt-locale-l1-1-0.dll
0x00000297b3840000 - 0x00000297b3845000 	C:\Users\gilbe\.openjfx\cache\13\api-ms-win-crt-math-l1-1-0.dll
0x00000297b3850000 - 0x00000297b3855000 	C:\Users\gilbe\.openjfx\cache\13\api-ms-win-crt-multibyte-l1-1-0.dll
0x00000297b3860000 - 0x00000297b3870000 	C:\Users\gilbe\.openjfx\cache\13\api-ms-win-crt-private-l1-1-0.dll
0x00000297b3870000 - 0x00000297b3873000 	C:\Users\gilbe\.openjfx\cache\13\api-ms-win-crt-process-l1-1-0.dll
0x00000297b3880000 - 0x00000297b3884000 	C:\Users\gilbe\.openjfx\cache\13\api-ms-win-crt-runtime-l1-1-0.dll
0x00000297b3890000 - 0x00000297b3894000 	C:\Users\gilbe\.openjfx\cache\13\api-ms-win-crt-stdio-l1-1-0.dll
0x00000297b38a0000 - 0x00000297b38a4000 	C:\Users\gilbe\.openjfx\cache\13\api-ms-win-crt-string-l1-1-0.dll
0x00000297b38b0000 - 0x00000297b38b3000 	C:\Users\gilbe\.openjfx\cache\13\api-ms-win-crt-time-l1-1-0.dll
0x00000297b38c0000 - 0x00000297b38c3000 	C:\Users\gilbe\.openjfx\cache\13\api-ms-win-crt-utility-l1-1-0.dll
0x00007ff9e2830000 - 0x00007ff9e292c000 	C:\Users\gilbe\.openjfx\cache\13\ucrtbase.dll
0x00007ffa02160000 - 0x00007ffa02175000 	C:\Users\gilbe\.openjfx\cache\13\vcruntime140.dll
0x00007ff9f7210000 - 0x00007ff9f72ab000 	C:\Users\gilbe\.openjfx\cache\13\msvcp140.dll
0x00007ff9f8260000 - 0x00007ff9f82b1000 	C:\Users\gilbe\.openjfx\cache\13\concrt140.dll
0x00007ff9f71e0000 - 0x00007ff9f7203000 	C:\Users\gilbe\.openjfx\cache\13\prism_d3d.dll
0x00007ff9de730000 - 0x00007ff9de8ff000 	C:\WINDOWS\system32\d3d9.dll
0x00007ffa0f4e0000 - 0x00007ffa0f50f000 	C:\WINDOWS\SYSTEM32\dwmapi.dll
0x00007ffa0f130000 - 0x00007ffa0f1ce000 	C:\WINDOWS\system32\uxtheme.dll
0x00007ff9e1800000 - 0x00007ff9e19d7000 	C:\WINDOWS\System32\DriverStore\FileRepository\ki127176.inf_amd64_86c658cabfb17c9c\igdumdim64.dll
0x00007ff9b9a50000 - 0x00007ff9bca4d000 	C:\WINDOWS\System32\DriverStore\FileRepository\ki127176.inf_amd64_86c658cabfb17c9c\igd9dxva64.dll
0x00007ffa141e0000 - 0x00007ffa1430a000 	C:\WINDOWS\System32\ole32.dll
0x00007ffa12da0000 - 0x00007ffa12e6d000 	C:\WINDOWS\System32\OLEAUT32.dll
0x00007ff9e27e0000 - 0x00007ff9e2825000 	C:\Users\gilbe\.openjfx\cache\13\glass.dll
0x00007ffa136a0000 - 0x00007ffa1377b000 	C:\WINDOWS\System32\COMDLG32.dll
0x00007ffa12e80000 - 0x00007ffa12f96000 	C:\WINDOWS\System32\MSCTF.dll
0x00007ffa02510000 - 0x00007ffa042a5000 	C:\WINDOWS\System32\DriverStore\FileRepository\ki127176.inf_amd64_86c658cabfb17c9c\igc64.dll
0x00007ffa0a3f0000 - 0x00007ffa0a42b000 	C:\WINDOWS\SYSTEM32\dxcore.dll
0x00007ffa12090000 - 0x00007ffa120de000 	C:\WINDOWS\System32\cfgmgr32.dll
0x00007ff9ff2c0000 - 0x00007ff9ff2d4000 	C:\Users\gilbe\.openjfx\cache\13\javafx_font.dll
0x00007ffa01a90000 - 0x00007ffa01d0f000 	C:\WINDOWS\SYSTEM32\dwrite.dll
0x00007ff9fe170000 - 0x00007ff9fe179000 	C:\Program Files\Java\jdk-15.0.1\bin\prefs.dll
0x00007ffa13590000 - 0x00007ffa13639000 	C:\WINDOWS\System32\clbcatq.dll
0x00007ffa0b120000 - 0x00007ffa0b2d4000 	C:\WINDOWS\SYSTEM32\WindowsCodecs.dll
0x00007ffa11ac0000 - 0x00007ffa11ae7000 	C:\WINDOWS\System32\bcrypt.dll
0x00007ff9fe2a0000 - 0x00007ff9fe2de000 	C:\WINDOWS\system32\dataexchange.dll
0x00007ffa0e380000 - 0x00007ffa0e567000 	C:\WINDOWS\system32\dcomp.dll
0x00007ffa0db50000 - 0x00007ffa0ddb4000 	C:\WINDOWS\system32\d3d11.dll
0x00007ffa103c0000 - 0x00007ffa104b3000 	C:\WINDOWS\system32\dxgi.dll
0x00007ffa0b4a0000 - 0x00007ffa0b6a1000 	C:\WINDOWS\system32\twinapi.appcore.dll
0x00007ff9e1b00000 - 0x00007ff9e1b34000 	C:\Program Files\Common Files\Microsoft Shared\Ink\rtscom.dll
0x00007ffa06cf0000 - 0x00007ffa06deb000 	C:\WINDOWS\SYSTEM32\textinputframework.dll
0x00007ffa0e8f0000 - 0x00007ffa0ec4e000 	C:\WINDOWS\System32\CoreUIComponents.dll
0x00007ffa0ec50000 - 0x00007ffa0ed42000 	C:\WINDOWS\System32\CoreMessaging.dll
0x00007ffa107b0000 - 0x00007ffa107e3000 	C:\WINDOWS\SYSTEM32\ntmarta.dll
0x00007ffa0d450000 - 0x00007ffa0d5a4000 	C:\WINDOWS\SYSTEM32\wintypes.dll
0x00007ff9f8880000 - 0x00007ff9f88e6000 	C:\WINDOWS\system32\Oleacc.dll

dbghelp: loaded successfully - version: 4.0.5 - missing functions: none
symbol engine: initialized successfully - sym options: 0x614 - pdb path: .;C:\Program Files\Java\jdk-15.0.1\bin;C:\WINDOWS\SYSTEM32;C:\WINDOWS\WinSxS\amd64_microsoft.windows.common-controls_6595b64144ccf1df_6.0.19041.746_none_ca02b4b61b8320a4;C:\Program Files\Java\jdk-15.0.1\bin\server;C:\Users\gilbe\.openjfx\cache\13;C:\WINDOWS\System32\DriverStore\FileRepository\ki127176.inf_amd64_86c658cabfb17c9c;C:\Program Files\Common Files\Microsoft Shared\Ink

VM Arguments:
jvm_args: --module-path=C:\Users\gilbe\Documents\NetBeansProjects\test\target\classes;C:\Users\gilbe\.m2\repository\commons-codec\commons-codec\1.13\commons-codec-1.13.jar;C:\Users\gilbe\.m2\repository\commons-io\commons-io\2.5\commons-io-2.5.jar;C:\Users\gilbe\.m2\repository\net\sf\ucanaccess\ucanaccess\5.0.0\ucanaccess-5.0.0.jar;C:\Users\gilbe\.m2\repository\org\apache\commons\commons-collections4\4.4\commons-collections4-4.4.jar;C:\Users\gilbe\.m2\repository\org\apache\commons\commons-compress\1.19\commons-compress-1.19.jar;C:\Users\gilbe\.m2\repository\org\apache\commons\commons-lang3\3.8.1\commons-lang3-3.8.1.jar;C:\Users\gilbe\.m2\repository\org\apache\poi\poi\4.1.2\poi-4.1.2.jar;C:\Users\gilbe\.m2\repository\org\apache\poi\poi-ooxml\4.1.2\poi-ooxml-4.1.2.jar;C:\Users\gilbe\.m2\repository\org\apache\poi\poi-ooxml-schemas\4.1.2\poi-ooxml-schemas-4.1.2.jar;C:\Users\gilbe\.m2\repository\org\apache\poi\poi-scratchpad\4.1.2\poi-scratchpad-4.1.2.jar;C:\Users\gilbe\.m2\repository\org\apache\xmlbeans\xmlbeans\3.1.0\xmlbeans-3.1.0.jar;C:\Users\gilbe\.m2\repository\org\openjfx\javafx-base\13\javafx-base-13-win.jar;C:\Users\gilbe\.m2\repository\org\openjfx\javafx-controls\13\javafx-controls-13-win.jar;C:\Users\gilbe\.m2\repository\org\openjfx\javafx-fxml\13\javafx-fxml-13-win.jar;C:\Users\gilbe\.m2\repository\org\openjfx\javafx-graphics\13\javafx-graphics-13-win.jar --add-modules=com.test -Djdk.module.main=com.test 
java_command: com.test/com.test.App
java_class_path (initial): C:\Users\gilbe\Documents\NetBeansProjects\test\target\classes;C:\Users\gilbe\.m2\repository\com\github\virtuald\curvesapi\1.06\curvesapi-1.06.jar;C:\Users\gilbe\.m2\repository\com\healthmarketscience\jackcess\jackcess\3.0.1\jackcess-3.0.1.jar;C:\Users\gilbe\.m2\repository\com\zaxxer\SparseBitSet\1.2\SparseBitSet-1.2.jar;C:\Users\gilbe\.m2\repository\commons-logging\commons-logging\1.2\commons-logging-1.2.jar;C:\Users\gilbe\.m2\repository\org\apache\commons\commons-math3\3.6.1\commons-math3-3.6.1.jar;C:\Users\gilbe\.m2\repository\org\hsqldb\hsqldb\2.5.0\hsqldb-2.5.0.jar;C:\Users\gilbe\.m2\repository\org\openjfx\javafx-base\13\javafx-base-13.jar;C:\Users\gilbe\.m2\repository\org\openjfx\javafx-controls\13\javafx-controls-13.jar;C:\Users\gilbe\.m2\repository\org\openjfx\javafx-fxml\13\javafx-fxml-13.jar;C:\Users\gilbe\.m2\repository\org\openjfx\javafx-graphics\13\javafx-graphics-13.jar
Launcher Type: SUN_STANDARD

[Global flags]
     intx CICompilerCount                          = 3                                         {product} {ergonomic}
     uint ConcGCThreads                            = 1                                         {product} {ergonomic}
     uint G1ConcRefinementThreads                  = 4                                         {product} {ergonomic}
   size_t G1HeapRegionSize                         = 1048576                                   {product} {ergonomic}
    uintx GCDrainStackTargetSize                   = 64                                        {product} {ergonomic}
   size_t InitialHeapSize                          = 132120576                                 {product} {ergonomic}
   size_t MarkStackSize                            = 4194304                                   {product} {ergonomic}
   size_t MaxHeapSize                              = 2111832064                                {product} {ergonomic}
   size_t MaxNewSize                               = 1266679808                                {product} {ergonomic}
   size_t MinHeapDeltaBytes                        = 1048576                                   {product} {ergonomic}
   size_t MinHeapSize                              = 8388608                                   {product} {ergonomic}
    uintx NonNMethodCodeHeapSize                   = 5832780                                {pd product} {ergonomic}
    uintx NonProfiledCodeHeapSize                  = 122912730                              {pd product} {ergonomic}
    uintx ProfiledCodeHeapSize                     = 122912730                              {pd product} {ergonomic}
    uintx ReservedCodeCacheSize                    = 251658240                              {pd product} {ergonomic}
     bool SegmentedCodeCache                       = true                                      {product} {ergonomic}
   size_t SoftMaxHeapSize                          = 2111832064                             {manageable} {ergonomic}
     bool UseCompressedClassPointers               = true                                 {lp64_product} {ergonomic}
     bool UseCompressedOops                        = true                                 {lp64_product} {ergonomic}
     bool UseG1GC                                  = true                                      {product} {ergonomic}
     bool UseLargePagesIndividualAllocation        = false                                  {pd product} {ergonomic}

Logging:
Log output configuration:
 #0: stdout all=off uptime,level,tags
 #1: stderr all=off uptime,level,tags

Environment Variables:
JAVA_HOME=C:\Program Files\Java\jdk-15.0.1
PATH=C:\Program Files\Java\jdk-15.0.1\bin;C:\Program Files\Common Files\Oracle\Java\javapath;C:\WINDOWS\system32;C:\WINDOWS;C:\WINDOWS\System32\Wbem;C:\WINDOWS\System32\WindowsPowerShell\v1.0\;C:\Program Files (x86)\Microsoft ASP.NET\ASP.NET Web Pages\v1.0\;C:\Program Files\Microsoft SQL Server\110\Tools\Binn\;C:\Program Files\Microsoft SQL Server\130\Tools\Binn\;C:\Program Files\dotnet\;C:\Program Files\Java\jdk-15.0.1\bin;C:\WINDOWS\System32\OpenSSH\;C:\Program Files\PuTTY\;C:\Program Files\Microsoft SQL Server\Client SDK\ODBC\170\Tools\Binn\;C:\Program Files (x86)\Microsoft SQL Server\140\Tools\Binn\;C:\Program Files\Microsoft SQL Server\Client SDK\ODBC\130\Tools\Binn\;C:\Program Files (x86)\Microsoft SQL Server\130\Tools\Binn\;C:\Program Files\Microsoft SQL Server\130\DTS\Binn\;C:\Program Files\Microsoft\Web Platform Installer\;C:\Program Files\Microsoft SQL Server\140\Tools\Binn\;C:\Program Files\Microsoft SQL Server\140\DTS\Binn\;C:\Program Files\Intel\WiFi\bin\;C:\Program Files\Common Files\Intel\WirelessCommon\;C:\Program Files\Git\cmd;C:\MinGW\bin;C:\Program Files (x86)\MySQL\MySQL Server 5.7\bin;C:\Program Files (x86)\Microsoft SQL Server\150\Tools\Binn\;C:\Program Files\Microsoft SQL Server\150\Tools\Binn\;C:\Program Files\Microsoft SQL Server\150\DTS\Binn\;C:\Program Files (x86)\Intel\Intel(R) Management Engine Components\DAL;C:\Program Files\Intel\Intel(R) Management Engine Components\DAL;C:\Program Files (x86)\Microsoft SQL Server\150\DTS\Binn\;C:\Program Files\apache-maven-3.6.3\bin;C:\Program Files\Java\jdk1.8.0_131\bin;C:\Program Files (x86)\Inno Setup 6;C:\Program Files (x86)\WiX Toolset v3.11\bin;C:\Users\gilbe\AppData\Local\Programs\Python\Python37-32\Scripts\;C:\Users\gilbe\AppData\Local\Programs\Python\Python37-32\;C:\Program Files\Java\jdk1.8.0_131\bin;C:\Users\gilbe\AppData\Local\Microsoft\WindowsApps;C:\MinGW\bin;C:\Users\gilbe\.dotnet\tools;C:\Users\gilbe\AppData\Local\Microsoft\WindowsApps;C:\Users\gilbe\AppData\Local\Programs\Microsoft VS Co
USERNAME=Gilbert Alvarado
OS=Windows_NT
PROCESSOR_IDENTIFIER=Intel64 Family 6 Model 78 Stepping 3, GenuineIntel



---------------  S Y S T E M  ---------------

OS:
 Windows 10 , 64 bit Build 19041 (10.0.19041.662)
OS uptime: 16 days 6:03 hours

CPU: total 4 (initial active 4) (2 cores per cpu, 2 threads per core) family 6 model 78 stepping 3 microcode 0xdc, cmov, cx8, fxsr, mmx, sse, sse2, sse3, ssse3, sse4.1, sse4.2, popcnt, vzeroupper, avx, avx2, aes, clmul, erms, 3dnowpref, lzcnt, ht, tsc, tscinvbit, bmi1, bmi2, adx, fma, clflush, clflushopt

Memory: 4k page, system-wide physical 8051M (2796M free)
TotalPageFile size 14473M (AvailPageFile size 5502M)
current process WorkingSet (physical memory assigned to process): 145M, peak: 176M
current process commit charge ("private bytes"): 262M, peak: 294M

vm_info: Java HotSpot(TM) 64-Bit Server VM (15.0.1+9-18) for windows-amd64 JRE (15.0.1+9-18), built on Sep 15 2020 14:43:54 by "mach5one" with unknown MS VC++:1925

END.
