#
# A fatal error has been detected by the Java Runtime Environment:
#
#  EXCEPTION_ACCESS_VIOLATION (0xc0000005) at pc=0x00007ffd301a66f0, pid=19948, tid=14568
#
# JRE version: Java(TM) SE Runtime Environment (15.0.1+9) (build 15.0.1+9-18)
# Java VM: Java HotSpot(TM) 64-Bit Server VM (15.0.1+9-18, mixed mode, sharing, tiered, compressed oops, g1 gc, windows-amd64)
# Problematic frame:
# C  [glass.dll+0x266f0]
#
# No core dump will be written. Minidumps are not enabled by default on client versions of Windows
#
# If you would like to submit a bug report, please visit:
#   https://bugreport.java.com/bugreport/crash.jsp
#

---------------  S U M M A R Y ------------

Command Line: --module-path=C:\Users\gilbe\Documents\NetBeansProjects\test\target\classes;C:\Users\gilbe\.m2\repository\commons-codec\commons-codec\1.13\commons-codec-1.13.jar;C:\Users\gilbe\.m2\repository\commons-io\commons-io\2.5\commons-io-2.5.jar;C:\Users\gilbe\.m2\repository\net\sf\ucanaccess\ucanaccess\5.0.0\ucanaccess-5.0.0.jar;C:\Users\gilbe\.m2\repository\org\apache\commons\commons-collections4\4.4\commons-collections4-4.4.jar;C:\Users\gilbe\.m2\repository\org\apache\commons\commons-compress\1.19\commons-compress-1.19.jar;C:\Users\gilbe\.m2\repository\org\apache\commons\commons-lang3\3.8.1\commons-lang3-3.8.1.jar;C:\Users\gilbe\.m2\repository\org\apache\poi\poi\4.1.2\poi-4.1.2.jar;C:\Users\gilbe\.m2\repository\org\apache\poi\poi-ooxml\4.1.2\poi-ooxml-4.1.2.jar;C:\Users\gilbe\.m2\repository\org\apache\poi\poi-ooxml-schemas\4.1.2\poi-ooxml-schemas-4.1.2.jar;C:\Users\gilbe\.m2\repository\org\apache\poi\poi-scratchpad\4.1.2\poi-scratchpad-4.1.2.jar;C:\Users\gilbe\.m2\repository\org\apache\xmlbeans\xmlbeans\3.1.0\xmlbeans-3.1.0.jar;C:\Users\gilbe\.m2\repository\org\openjfx\javafx-base\13\javafx-base-13-win.jar;C:\Users\gilbe\.m2\repository\org\openjfx\javafx-controls\13\javafx-controls-13-win.jar;C:\Users\gilbe\.m2\repository\org\openjfx\javafx-fxml\13\javafx-fxml-13-win.jar;C:\Users\gilbe\.m2\repository\org\openjfx\javafx-graphics\13\javafx-graphics-13-win.jar --add-modules=com.test -Djdk.module.main=com.test com.test/com.test.App

Host: Intel(R) Core(TM) i5-6200U CPU @ 2.30GHz, 4 cores, 7G,  Windows 10 , 64 bit Build 19041 (10.0.19041.804)
Time: Mon Feb 15 21:46:46 2021 Eastern Standard Time elapsed time: 5.386619 seconds (0d 0h 0m 5s)

---------------  T H R E A D  ---------------

Current thread (0x00000167f8b406c0):  VMThread "VM Thread" [stack: 0x0000000eac700000,0x0000000eac800000] [id=14568]

Stack: [0x0000000eac700000,0x0000000eac800000],  sp=0x0000000eac7fed70,  free space=1019k
Native frames: (J=compiled Java code, j=interpreted, Vv=VM code, C=native code)
C  [glass.dll+0x266f0]


siginfo: EXCEPTION_ACCESS_VIOLATION (0xc0000005), reading address 0x0000000000000000


Register to memory mapping:

RIP=0x00007ffd301a66f0 glass.dll
RAX=0x0 is NULL
RBX=0x00000167f8b4c5e8 is a global jni handle
RCX=0x00000167f8b406c0 points into unknown readable memory: 0x00007ffd1be44238 | 38 42 e4 1b fd 7f 00 00
RDX=0x0000000eac7fed70 points into unknown readable memory: 0x0000000000000000 | 00 00 00 00 00 00 00 00
RSP=0x0000000eac7fed70 points into unknown readable memory: 0x0000000000000000 | 00 00 00 00 00 00 00 00
RBP=0x00000167f89a1ba8 points into unknown readable memory: 0x00006d45d096bc6b | 6b bc 96 d0 45 6d 00 00
RSI=0x00000167f89a1b80 points into unknown readable memory: 0xd1b30d45d36955eb | eb 55 69 d3 45 0d b3 d1
RDI=0x00006d45d096bc6b is an unknown value
R8 =0x0000000000010002 is an unknown value
R9 =0x00006d45d096bc6b is an unknown value
R10=0x0000000000008000 is an unknown value
R11=0x0000000eac7fed10 points into unknown readable memory: 0x00000167f89a1b80 | 80 1b 9a f8 67 01 00 00
R12=0x00007ffd301a3b84 glass.dll
R13=0x00000167e99d5e90 points into unknown readable memory: 0x8000000900000001 | 01 00 00 00 09 00 00 80
R14=0x0000000eac7fee78 points into unknown readable memory: 0x0000000eac7fee60 | 60 ee 7f ac 0e 00 00 00
R15=0x00000167f89a1b80 points into unknown readable memory: 0xd1b30d45d36955eb | eb 55 69 d3 45 0d b3 d1


Registers:
RAX=0x0000000000000000, RBX=0x00000167f8b4c5e8, RCX=0x00000167f8b406c0, RDX=0x0000000eac7fed70
RSP=0x0000000eac7fed70, RBP=0x00000167f89a1ba8, RSI=0x00000167f89a1b80, RDI=0x00006d45d096bc6b
R8 =0x0000000000010002, R9 =0x00006d45d096bc6b, R10=0x0000000000008000, R11=0x0000000eac7fed10
R12=0x00007ffd301a3b84, R13=0x00000167e99d5e90, R14=0x0000000eac7fee78, R15=0x00000167f89a1b80
RIP=0x00007ffd301a66f0, EFLAGS=0x0000000000010202

Top of Stack: (sp=0x0000000eac7fed70)
0x0000000eac7fed70:   0000000000000000 00007ffd81eef05b
0x0000000eac7fed80:   00000167f89a1b90 00000167f89a1b80
0x0000000eac7fed90:   fffffffffffffffe 00007ffd301a3b84
0x0000000eac7feda0:   00000167f89a1b88 00007ffd81ef42d6
0x0000000eac7fedb0:   00000167f89a1b90 0000016700000000
0x0000000eac7fedc0:   00000167f89a1ba8 00000167f89a1b80
0x0000000eac7fedd0:   fffffffffffffffe 0000000000000000
0x0000000eac7fede0:   0000000000000001 00007ffd30180000
0x0000000eac7fedf0:   0000000eac7fee68 00007ffd81ef41fb
0x0000000eac7fee00:   0000000000000000 0000000eac7fee78
0x0000000eac7fee10:   0000000eac7ff130 00007ffd81fd0e40
0x0000000eac7fee20:   0000000000000000 00007ffd81ef41b4
0x0000000eac7fee30:   0000000000000000 0000000000000001
0x0000000eac7fee40:   0000000000000001 0000000eac7fee68
0x0000000eac7fee50:   0000000000000000 00007ffd301a3a12
0x0000000eac7fee60:   00007ffd301bd118 0000000e00000002 

Instructions: (pc=0x00007ffd301a66f0)
0x00007ffd301a65f0:   8b 4d 60 e8 98 c9 ff ff 48 8b 55 68 48 8b 8d 08
0x00007ffd301a6600:   01 00 00 e8 49 be ff ff 33 d2 33 c9 e8 49 de ff
0x00007ffd301a6610:   ff 90 cc cc cc cc cc cc cc cc cc cc cc cc cc cc
0x00007ffd301a6620:   48 8d 8a 80 00 00 00 e9 14 e9 fe ff 48 89 54 24
0x00007ffd301a6630:   10 55 48 83 ec 20 48 8b ea 48 8d 05 dd ca ff ff
0x00007ffd301a6640:   48 83 c4 20 5d c3 cc 40 55 48 8b ea 48 8b 01 33
0x00007ffd301a6650:   c9 81 38 05 00 00 c0 0f 94 c1 8b c1 5d c3 cc 40
0x00007ffd301a6660:   55 48 83 ec 20 48 8b ea 8a 4d 40 48 83 c4 20 5d
0x00007ffd301a6670:   e9 df cd ff ff cc 40 55 48 83 ec 20 48 8b ea e8
0x00007ffd301a6680:   fc cb ff ff 8a 4d 38 48 83 c4 20 5d e9 c3 cd ff
0x00007ffd301a6690:   ff cc 40 55 48 83 ec 30 48 8b ea 48 8b 01 8b 10
0x00007ffd301a66a0:   48 89 4c 24 28 89 54 24 20 4c 8d 0d a4 d1 ff ff
0x00007ffd301a66b0:   4c 8b 45 70 8b 55 68 48 8b 4d 60 e8 30 cb ff ff
0x00007ffd301a66c0:   90 48 83 c4 30 5d c3 cc cc cc cc cc cc cc cc cc
0x00007ffd301a66d0:   40 53 48 83 ec 30 48 c7 44 24 20 fe ff ff ff 48
0x00007ffd301a66e0:   8b 1d 2a 64 01 00 48 85 db 74 16 e8 90 85 ff ff
0x00007ffd301a66f0:   4c 8b 00 48 8b d3 48 8b c8 41 ff 90 b0 00 00 00
0x00007ffd301a6700:   90 48 83 c4 30 5b c3 cc cc cc cc cc cc cc cc cc
0x00007ffd301a6710:   40 53 48 83 ec 20 48 8b 1d 9b 65 01 00 48 85 db
0x00007ffd301a6720:   74 57 b8 ff ff ff ff f0 0f c1 43 10 83 f8 01 75
0x00007ffd301a6730:   3d 48 85 db 74 38 48 8b 0b 48 85 c9 74 0d ff 15
0x00007ffd301a6740:   64 0b 00 00 48 c7 03 00 00 00 00 48 8b 4b 08 48
0x00007ffd301a6750:   85 c9 74 0d e8 37 c8 ff ff 48 c7 43 08 00 00 00
0x00007ffd301a6760:   00 ba 18 00 00 00 48 8b cb e8 22 c8 ff ff 48 c7
0x00007ffd301a6770:   05 3f 65 01 00 00 00 00 00 48 83 c4 20 5b c3 cc
0x00007ffd301a6780:   40 53 48 83 ec 20 48 8b 1d 0b 65 01 00 48 85 db
0x00007ffd301a6790:   74 57 b8 ff ff ff ff f0 0f c1 43 10 83 f8 01 75
0x00007ffd301a67a0:   3d 48 85 db 74 38 48 8b 0b 48 85 c9 74 0d ff 15
0x00007ffd301a67b0:   f4 0a 00 00 48 c7 03 00 00 00 00 48 8b 4b 08 48
0x00007ffd301a67c0:   85 c9 74 0d e8 c7 c7 ff ff 48 c7 43 08 00 00 00
0x00007ffd301a67d0:   00 ba 18 00 00 00 48 8b cb e8 b2 c7 ff ff 48 c7
0x00007ffd301a67e0:   05 af 64 01 00 00 00 00 00 48 83 c4 20 5b c3 cc 


Stack slot to memory mapping:
stack at sp + 0 slots: 0x0 is NULL
stack at sp + 1 slots: 0x00007ffd81eef05b ucrtbase.dll
stack at sp + 2 slots: 0x00000167f89a1b90 points into unknown readable memory: 0x00006d45d096bc6b | 6b bc 96 d0 45 6d 00 00
stack at sp + 3 slots: 0x00000167f89a1b80 points into unknown readable memory: 0xd1b30d45d36955eb | eb 55 69 d3 45 0d b3 d1
stack at sp + 4 slots: 0xfffffffffffffffe is an unknown value
stack at sp + 5 slots: 0x00007ffd301a3b84 glass.dll
stack at sp + 6 slots: 0x00000167f89a1b88 points into unknown readable memory: 0x00006d45d096bc6b | 6b bc 96 d0 45 6d 00 00
stack at sp + 7 slots: 0x00007ffd81ef42d6 ucrtbase.dll

VM_Operation (0x0000000ead8fad00): Exit, mode: safepoint, requested by thread 0x00000167fa07dce0


---------------  P R O C E S S  ---------------

Threads class SMR info:
_java_thread_list=0x00000167f9f46ba0, length=17, elements={
0x00000167e99866f0, 0x00000167f8b42d70, 0x00000167f8b43940, 0x00000167f8b5a0c0,
0x00000167f8b5ab70, 0x00000167f8b5ef00, 0x00000167f8b5faa0, 0x00000167f8b6ac90,
0x00000167f8b26940, 0x00000167f9674d60, 0x00000167fa31f400, 0x00000167fa0752a0,
0x00000167fa07dce0, 0x00000167fa0ab630, 0x00000167fa77e640, 0x00000167fb66b2e0,
0x00000167fa7ed080
}

Java Threads: ( => current thread )
  0x00000167e99866f0 JavaThread "main" [_thread_blocked, id=2928, stack(0x0000000eac100000,0x0000000eac200000)]
  0x00000167f8b42d70 JavaThread "Reference Handler" daemon [_thread_blocked, id=22244, stack(0x0000000eac800000,0x0000000eac900000)]
  0x00000167f8b43940 JavaThread "Finalizer" daemon [_thread_blocked, id=10632, stack(0x0000000eac900000,0x0000000eaca00000)]
  0x00000167f8b5a0c0 JavaThread "Attach Listener" daemon [_thread_blocked, id=22972, stack(0x0000000eacb00000,0x0000000eacc00000)]
  0x00000167f8b5ab70 JavaThread "Service Thread" daemon [_thread_blocked, id=21124, stack(0x0000000eacc00000,0x0000000eacd00000)]
  0x00000167f8b5ef00 JavaThread "C2 CompilerThread0" daemon [_thread_blocked, id=17964, stack(0x0000000eacd00000,0x0000000eace00000)]
  0x00000167f8b5faa0 JavaThread "C1 CompilerThread0" daemon [_thread_blocked, id=16124, stack(0x0000000eace00000,0x0000000eacf00000)]
  0x00000167f8b6ac90 JavaThread "Sweeper thread" daemon [_thread_blocked, id=23668, stack(0x0000000eacf00000,0x0000000ead000000)]
  0x00000167f8b26940 JavaThread "Common-Cleaner" daemon [_thread_blocked, id=16188, stack(0x0000000ead000000,0x0000000ead100000)]
  0x00000167f9674d60 JavaThread "Notification Thread" daemon [_thread_blocked, id=15316, stack(0x0000000ead400000,0x0000000ead500000)]
  0x00000167fa31f400 JavaThread "QuantumRenderer-0" daemon [_thread_blocked, id=1332, stack(0x0000000ead600000,0x0000000ead700000)]
  0x00000167fa0752a0 JavaThread "InvokeLaterDispatcher" daemon [_thread_blocked, id=20672, stack(0x0000000ead700000,0x0000000ead800000)]
  0x00000167fa07dce0 JavaThread "JavaFX Application Thread" [_thread_blocked, id=15496, stack(0x0000000ead800000,0x0000000ead900000)]
  0x00000167fa0ab630 JavaThread "Thread-1" daemon [_thread_in_native, id=14124, stack(0x0000000eadc00000,0x0000000eadd00000)]
  0x00000167fa77e640 JavaThread "JavaFX-Launcher" [_thread_blocked, id=8560, stack(0x0000000eadd00000,0x0000000eade00000)]
  0x00000167fb66b2e0 JavaThread "Prism Font Disposer" daemon [_thread_blocked, id=12512, stack(0x0000000ead100000,0x0000000ead200000)]
  0x00000167fa7ed080 JavaThread "Cleaner-0" daemon [_thread_blocked, id=18772, stack(0x0000000eae200000,0x0000000eae300000)]

Other Threads:
=>0x00000167f8b406c0 VMThread "VM Thread" [stack: 0x0000000eac700000,0x0000000eac800000] [id=14568]
  0x00000167e99c3060 GCTaskThread "GC Thread#0" [stack: 0x0000000eac200000,0x0000000eac300000] [id=4472]
  0x00000167f9671280 GCTaskThread "GC Thread#1" [stack: 0x0000000ead200000,0x0000000ead300000] [id=8700]
  0x00000167f9673fd0 GCTaskThread "GC Thread#2" [stack: 0x0000000ead300000,0x0000000ead400000] [id=22620]
  0x00000167fa575500 GCTaskThread "GC Thread#3" [stack: 0x0000000eade00000,0x0000000eadf00000] [id=12308]
  0x00000167e99d6da0 ConcurrentGCThread "G1 Main Marker" [stack: 0x0000000eac300000,0x0000000eac400000] [id=11516]
  0x00000167e99d8130 ConcurrentGCThread "G1 Conc#0" [stack: 0x0000000eac400000,0x0000000eac500000] [id=21476]
  0x00000167e9a1e800 ConcurrentGCThread "G1 Refine#0" [stack: 0x0000000eac500000,0x0000000eac600000] [id=14576]
  0x00000167f89b3980 ConcurrentGCThread "G1 Young RemSet Sampling" [stack: 0x0000000eac600000,0x0000000eac700000] [id=23008]

Threads with active compile tasks:

VM state: at safepoint (shutting down)

VM Mutex/Monitor currently owned by a thread:  ([mutex/lock_event])
[0x00000167e9981ad0] Threads_lock - owner thread: 0x00000167f8b406c0
[0x00000167e99822b0] Heap_lock - owner thread: 0x00000167fa07dce0

Heap address: 0x0000000082200000, size: 2014 MB, Compressed Oops mode: 32-bit
CDS archive(s) mapped at: [0x0000000800000000-0x0000000800b50000-0x0000000800b50000), size 11862016, SharedBaseAddress: 0x0000000800000000, ArchiveRelocationMode: 0.
Compressed class space mapped at: 0x0000000800b50000-0x0000000840b50000, size: 1073741824
Narrow klass base: 0x0000000800000000, Narrow klass shift: 3, Narrow klass range: 0x100000000

GC Precious Log:
 CPUs: 4 total, 4 available
 Memory: 8051M
 Large Page Support: Disabled
 NUMA Support: Disabled
 Compressed Oops: Enabled (32-bit)
 Heap Region Size: 1M
 Heap Min Capacity: 8M
 Heap Initial Capacity: 126M
 Heap Max Capacity: 2014M
 Pre-touch: Disabled
 Parallel Workers: 4
 Concurrent Workers: 1
 Concurrent Refinement Workers: 4
 Periodic GC: Disabled

Heap:
 garbage-first heap   total 129024K, used 45633K [0x0000000082200000, 0x0000000100000000)
  region size 1024K, 44 young (45056K), 3 survivors (3072K)
 Metaspace       used 15296K, capacity 15468K, committed 15616K, reserved 1062912K
  class space    used 2199K, capacity 2262K, committed 2304K, reserved 1048576K

Heap Regions: E=young(eden), S=young(survivor), O=old, HS=humongous(starts), HC=humongous(continues), CS=collection set, F=free, OA=open archive, CA=closed archive, TAMS=top-at-mark-start (previous, next)
|   0|0x0000000082200000, 0x0000000082300000, 0x0000000082300000|100%|HS|  |TAMS 0x0000000082200000, 0x0000000082200000| Complete 
|   1|0x0000000082300000, 0x0000000082400000, 0x0000000082400000|100%|HS|  |TAMS 0x0000000082300000, 0x0000000082300000| Complete 
|   2|0x0000000082400000, 0x0000000082500000, 0x0000000082500000|100%|HC|  |TAMS 0x0000000082400000, 0x0000000082400000| Complete 
|   3|0x0000000082500000, 0x0000000082500000, 0x0000000082600000|  0%| F|  |TAMS 0x0000000082500000, 0x0000000082500000| Untracked 
|   4|0x0000000082600000, 0x0000000082600000, 0x0000000082700000|  0%| F|  |TAMS 0x0000000082600000, 0x0000000082600000| Untracked 
|   5|0x0000000082700000, 0x0000000082700000, 0x0000000082800000|  0%| F|  |TAMS 0x0000000082700000, 0x0000000082700000| Untracked 
|   6|0x0000000082800000, 0x0000000082800000, 0x0000000082900000|  0%| F|  |TAMS 0x0000000082800000, 0x0000000082800000| Untracked 
|   7|0x0000000082900000, 0x0000000082900000, 0x0000000082a00000|  0%| F|  |TAMS 0x0000000082900000, 0x0000000082900000| Untracked 
|   8|0x0000000082a00000, 0x0000000082a00000, 0x0000000082b00000|  0%| F|  |TAMS 0x0000000082a00000, 0x0000000082a00000| Untracked 
|   9|0x0000000082b00000, 0x0000000082b00000, 0x0000000082c00000|  0%| F|  |TAMS 0x0000000082b00000, 0x0000000082b00000| Untracked 
|  10|0x0000000082c00000, 0x0000000082c00000, 0x0000000082d00000|  0%| F|  |TAMS 0x0000000082c00000, 0x0000000082c00000| Untracked 
|  11|0x0000000082d00000, 0x0000000082d00000, 0x0000000082e00000|  0%| F|  |TAMS 0x0000000082d00000, 0x0000000082d00000| Untracked 
|  12|0x0000000082e00000, 0x0000000082e00000, 0x0000000082f00000|  0%| F|  |TAMS 0x0000000082e00000, 0x0000000082e00000| Untracked 
|  13|0x0000000082f00000, 0x0000000082f00000, 0x0000000083000000|  0%| F|  |TAMS 0x0000000082f00000, 0x0000000082f00000| Untracked 
|  14|0x0000000083000000, 0x0000000083000000, 0x0000000083100000|  0%| F|  |TAMS 0x0000000083000000, 0x0000000083000000| Untracked 
|  15|0x0000000083100000, 0x0000000083100000, 0x0000000083200000|  0%| F|  |TAMS 0x0000000083100000, 0x0000000083100000| Untracked 
|  16|0x0000000083200000, 0x0000000083200000, 0x0000000083300000|  0%| F|  |TAMS 0x0000000083200000, 0x0000000083200000| Untracked 
|  17|0x0000000083300000, 0x0000000083300000, 0x0000000083400000|  0%| F|  |TAMS 0x0000000083300000, 0x0000000083300000| Untracked 
|  18|0x0000000083400000, 0x0000000083400000, 0x0000000083500000|  0%| F|  |TAMS 0x0000000083400000, 0x0000000083400000| Untracked 
|  19|0x0000000083500000, 0x0000000083500000, 0x0000000083600000|  0%| F|  |TAMS 0x0000000083500000, 0x0000000083500000| Untracked 
|  20|0x0000000083600000, 0x0000000083600000, 0x0000000083700000|  0%| F|  |TAMS 0x0000000083600000, 0x0000000083600000| Untracked 
|  21|0x0000000083700000, 0x0000000083700000, 0x0000000083800000|  0%| F|  |TAMS 0x0000000083700000, 0x0000000083700000| Untracked 
|  22|0x0000000083800000, 0x0000000083800000, 0x0000000083900000|  0%| F|  |TAMS 0x0000000083800000, 0x0000000083800000| Untracked 
|  23|0x0000000083900000, 0x0000000083900000, 0x0000000083a00000|  0%| F|  |TAMS 0x0000000083900000, 0x0000000083900000| Untracked 
|  24|0x0000000083a00000, 0x0000000083a00000, 0x0000000083b00000|  0%| F|  |TAMS 0x0000000083a00000, 0x0000000083a00000| Untracked 
|  25|0x0000000083b00000, 0x0000000083b00000, 0x0000000083c00000|  0%| F|  |TAMS 0x0000000083b00000, 0x0000000083b00000| Untracked 
|  26|0x0000000083c00000, 0x0000000083c00000, 0x0000000083d00000|  0%| F|  |TAMS 0x0000000083c00000, 0x0000000083c00000| Untracked 
|  27|0x0000000083d00000, 0x0000000083d00000, 0x0000000083e00000|  0%| F|  |TAMS 0x0000000083d00000, 0x0000000083d00000| Untracked 
|  28|0x0000000083e00000, 0x0000000083e00000, 0x0000000083f00000|  0%| F|  |TAMS 0x0000000083e00000, 0x0000000083e00000| Untracked 
|  29|0x0000000083f00000, 0x0000000083f00000, 0x0000000084000000|  0%| F|  |TAMS 0x0000000083f00000, 0x0000000083f00000| Untracked 
|  30|0x0000000084000000, 0x0000000084000000, 0x0000000084100000|  0%| F|  |TAMS 0x0000000084000000, 0x0000000084000000| Untracked 
|  31|0x0000000084100000, 0x0000000084100000, 0x0000000084200000|  0%| F|  |TAMS 0x0000000084100000, 0x0000000084100000| Untracked 
|  32|0x0000000084200000, 0x0000000084200000, 0x0000000084300000|  0%| F|  |TAMS 0x0000000084200000, 0x0000000084200000| Untracked 
|  33|0x0000000084300000, 0x0000000084300000, 0x0000000084400000|  0%| F|  |TAMS 0x0000000084300000, 0x0000000084300000| Untracked 
|  34|0x0000000084400000, 0x0000000084400000, 0x0000000084500000|  0%| F|  |TAMS 0x0000000084400000, 0x0000000084400000| Untracked 
|  35|0x0000000084500000, 0x0000000084500000, 0x0000000084600000|  0%| F|  |TAMS 0x0000000084500000, 0x0000000084500000| Untracked 
|  36|0x0000000084600000, 0x0000000084600000, 0x0000000084700000|  0%| F|  |TAMS 0x0000000084600000, 0x0000000084600000| Untracked 
|  37|0x0000000084700000, 0x0000000084700000, 0x0000000084800000|  0%| F|  |TAMS 0x0000000084700000, 0x0000000084700000| Untracked 
|  38|0x0000000084800000, 0x0000000084800000, 0x0000000084900000|  0%| F|  |TAMS 0x0000000084800000, 0x0000000084800000| Untracked 
|  39|0x0000000084900000, 0x0000000084900000, 0x0000000084a00000|  0%| F|  |TAMS 0x0000000084900000, 0x0000000084900000| Untracked 
|  40|0x0000000084a00000, 0x0000000084a00000, 0x0000000084b00000|  0%| F|  |TAMS 0x0000000084a00000, 0x0000000084a00000| Untracked 
|  41|0x0000000084b00000, 0x0000000084b00000, 0x0000000084c00000|  0%| F|  |TAMS 0x0000000084b00000, 0x0000000084b00000| Untracked 
|  42|0x0000000084c00000, 0x0000000084c00000, 0x0000000084d00000|  0%| F|  |TAMS 0x0000000084c00000, 0x0000000084c00000| Untracked 
|  43|0x0000000084d00000, 0x0000000084d00000, 0x0000000084e00000|  0%| F|  |TAMS 0x0000000084d00000, 0x0000000084d00000| Untracked 
|  44|0x0000000084e00000, 0x0000000084e00000, 0x0000000084f00000|  0%| F|  |TAMS 0x0000000084e00000, 0x0000000084e00000| Untracked 
|  45|0x0000000084f00000, 0x0000000084f00000, 0x0000000085000000|  0%| F|  |TAMS 0x0000000084f00000, 0x0000000084f00000| Untracked 
|  46|0x0000000085000000, 0x0000000085000000, 0x0000000085100000|  0%| F|  |TAMS 0x0000000085000000, 0x0000000085000000| Untracked 
|  47|0x0000000085100000, 0x0000000085100000, 0x0000000085200000|  0%| F|  |TAMS 0x0000000085100000, 0x0000000085100000| Untracked 
|  48|0x0000000085200000, 0x0000000085200000, 0x0000000085300000|  0%| F|  |TAMS 0x0000000085200000, 0x0000000085200000| Untracked 
|  49|0x0000000085300000, 0x0000000085300000, 0x0000000085400000|  0%| F|  |TAMS 0x0000000085300000, 0x0000000085300000| Untracked 
|  50|0x0000000085400000, 0x0000000085400000, 0x0000000085500000|  0%| F|  |TAMS 0x0000000085400000, 0x0000000085400000| Untracked 
|  51|0x0000000085500000, 0x0000000085500000, 0x0000000085600000|  0%| F|  |TAMS 0x0000000085500000, 0x0000000085500000| Untracked 
|  52|0x0000000085600000, 0x0000000085600000, 0x0000000085700000|  0%| F|  |TAMS 0x0000000085600000, 0x0000000085600000| Untracked 
|  53|0x0000000085700000, 0x0000000085700000, 0x0000000085800000|  0%| F|  |TAMS 0x0000000085700000, 0x0000000085700000| Untracked 
|  54|0x0000000085800000, 0x0000000085800000, 0x0000000085900000|  0%| F|  |TAMS 0x0000000085800000, 0x0000000085800000| Untracked 
|  55|0x0000000085900000, 0x0000000085900000, 0x0000000085a00000|  0%| F|  |TAMS 0x0000000085900000, 0x0000000085900000| Untracked 
|  56|0x0000000085a00000, 0x0000000085a00000, 0x0000000085b00000|  0%| F|  |TAMS 0x0000000085a00000, 0x0000000085a00000| Untracked 
|  57|0x0000000085b00000, 0x0000000085b00000, 0x0000000085c00000|  0%| F|  |TAMS 0x0000000085b00000, 0x0000000085b00000| Untracked 
|  58|0x0000000085c00000, 0x0000000085c00000, 0x0000000085d00000|  0%| F|  |TAMS 0x0000000085c00000, 0x0000000085c00000| Untracked 
|  59|0x0000000085d00000, 0x0000000085d00000, 0x0000000085e00000|  0%| F|  |TAMS 0x0000000085d00000, 0x0000000085d00000| Untracked 
|  60|0x0000000085e00000, 0x0000000085e00000, 0x0000000085f00000|  0%| F|  |TAMS 0x0000000085e00000, 0x0000000085e00000| Untracked 
|  61|0x0000000085f00000, 0x0000000085f00000, 0x0000000086000000|  0%| F|  |TAMS 0x0000000085f00000, 0x0000000085f00000| Untracked 
|  62|0x0000000086000000, 0x0000000086000000, 0x0000000086100000|  0%| F|  |TAMS 0x0000000086000000, 0x0000000086000000| Untracked 
|  63|0x0000000086100000, 0x0000000086100000, 0x0000000086200000|  0%| F|  |TAMS 0x0000000086100000, 0x0000000086100000| Untracked 
|  64|0x0000000086200000, 0x0000000086200000, 0x0000000086300000|  0%| F|  |TAMS 0x0000000086200000, 0x0000000086200000| Untracked 
|  65|0x0000000086300000, 0x0000000086300000, 0x0000000086400000|  0%| F|  |TAMS 0x0000000086300000, 0x0000000086300000| Untracked 
|  66|0x0000000086400000, 0x0000000086400000, 0x0000000086500000|  0%| F|  |TAMS 0x0000000086400000, 0x0000000086400000| Untracked 
|  67|0x0000000086500000, 0x0000000086500000, 0x0000000086600000|  0%| F|  |TAMS 0x0000000086500000, 0x0000000086500000| Untracked 
|  68|0x0000000086600000, 0x0000000086600000, 0x0000000086700000|  0%| F|  |TAMS 0x0000000086600000, 0x0000000086600000| Untracked 
|  69|0x0000000086700000, 0x0000000086700000, 0x0000000086800000|  0%| F|  |TAMS 0x0000000086700000, 0x0000000086700000| Untracked 
|  70|0x0000000086800000, 0x0000000086800000, 0x0000000086900000|  0%| F|  |TAMS 0x0000000086800000, 0x0000000086800000| Untracked 
|  71|0x0000000086900000, 0x0000000086900000, 0x0000000086a00000|  0%| F|  |TAMS 0x0000000086900000, 0x0000000086900000| Untracked 
|  72|0x0000000086a00000, 0x0000000086a00000, 0x0000000086b00000|  0%| F|  |TAMS 0x0000000086a00000, 0x0000000086a00000| Untracked 
|  73|0x0000000086b00000, 0x0000000086b00000, 0x0000000086c00000|  0%| F|  |TAMS 0x0000000086b00000, 0x0000000086b00000| Untracked 
|  74|0x0000000086c00000, 0x0000000086c00000, 0x0000000086d00000|  0%| F|  |TAMS 0x0000000086c00000, 0x0000000086c00000| Untracked 
|  75|0x0000000086d00000, 0x0000000086d00000, 0x0000000086e00000|  0%| F|  |TAMS 0x0000000086d00000, 0x0000000086d00000| Untracked 
|  76|0x0000000086e00000, 0x0000000086e00000, 0x0000000086f00000|  0%| F|  |TAMS 0x0000000086e00000, 0x0000000086e00000| Untracked 
|  77|0x0000000086f00000, 0x0000000086f00000, 0x0000000087000000|  0%| F|  |TAMS 0x0000000086f00000, 0x0000000086f00000| Untracked 
|  78|0x0000000087000000, 0x0000000087000000, 0x0000000087100000|  0%| F|  |TAMS 0x0000000087000000, 0x0000000087000000| Untracked 
|  79|0x0000000087100000, 0x0000000087100000, 0x0000000087200000|  0%| F|  |TAMS 0x0000000087100000, 0x0000000087100000| Untracked 
|  80|0x0000000087200000, 0x0000000087200000, 0x0000000087300000|  0%| F|  |TAMS 0x0000000087200000, 0x0000000087200000| Untracked 
|  81|0x0000000087300000, 0x0000000087300000, 0x0000000087400000|  0%| F|  |TAMS 0x0000000087300000, 0x0000000087300000| Untracked 
|  82|0x0000000087400000, 0x0000000087500000, 0x0000000087500000|100%| E|  |TAMS 0x0000000087400000, 0x0000000087400000| Complete 
|  83|0x0000000087500000, 0x0000000087600000, 0x0000000087600000|100%| E|CS|TAMS 0x0000000087500000, 0x0000000087500000| Complete 
|  84|0x0000000087600000, 0x0000000087700000, 0x0000000087700000|100%| E|CS|TAMS 0x0000000087600000, 0x0000000087600000| Complete 
|  85|0x0000000087700000, 0x0000000087800000, 0x0000000087800000|100%| E|CS|TAMS 0x0000000087700000, 0x0000000087700000| Complete 
|  86|0x0000000087800000, 0x0000000087900000, 0x0000000087900000|100%| E|CS|TAMS 0x0000000087800000, 0x0000000087800000| Complete 
|  87|0x0000000087900000, 0x0000000087a00000, 0x0000000087a00000|100%| E|CS|TAMS 0x0000000087900000, 0x0000000087900000| Complete 
|  88|0x0000000087a00000, 0x0000000087b00000, 0x0000000087b00000|100%| E|CS|TAMS 0x0000000087a00000, 0x0000000087a00000| Complete 
|  89|0x0000000087b00000, 0x0000000087c00000, 0x0000000087c00000|100%| E|CS|TAMS 0x0000000087b00000, 0x0000000087b00000| Complete 
|  90|0x0000000087c00000, 0x0000000087d00000, 0x0000000087d00000|100%| E|CS|TAMS 0x0000000087c00000, 0x0000000087c00000| Complete 
|  91|0x0000000087d00000, 0x0000000087e00000, 0x0000000087e00000|100%| E|CS|TAMS 0x0000000087d00000, 0x0000000087d00000| Complete 
|  92|0x0000000087e00000, 0x0000000087f00000, 0x0000000087f00000|100%| E|CS|TAMS 0x0000000087e00000, 0x0000000087e00000| Complete 
|  93|0x0000000087f00000, 0x0000000088000000, 0x0000000088000000|100%| E|CS|TAMS 0x0000000087f00000, 0x0000000087f00000| Complete 
|  94|0x0000000088000000, 0x0000000088100000, 0x0000000088100000|100%| E|CS|TAMS 0x0000000088000000, 0x0000000088000000| Complete 
|  95|0x0000000088100000, 0x0000000088200000, 0x0000000088200000|100%| E|CS|TAMS 0x0000000088100000, 0x0000000088100000| Complete 
|  96|0x0000000088200000, 0x0000000088300000, 0x0000000088300000|100%| E|CS|TAMS 0x0000000088200000, 0x0000000088200000| Complete 
|  97|0x0000000088300000, 0x0000000088400000, 0x0000000088400000|100%| E|CS|TAMS 0x0000000088300000, 0x0000000088300000| Complete 
|  98|0x0000000088400000, 0x0000000088500000, 0x0000000088500000|100%| E|CS|TAMS 0x0000000088400000, 0x0000000088400000| Complete 
|  99|0x0000000088500000, 0x0000000088600000, 0x0000000088600000|100%| E|CS|TAMS 0x0000000088500000, 0x0000000088500000| Complete 
| 100|0x0000000088600000, 0x0000000088700000, 0x0000000088700000|100%| E|CS|TAMS 0x0000000088600000, 0x0000000088600000| Complete 
| 101|0x0000000088700000, 0x0000000088800000, 0x0000000088800000|100%| E|CS|TAMS 0x0000000088700000, 0x0000000088700000| Complete 
| 102|0x0000000088800000, 0x0000000088900000, 0x0000000088900000|100%| E|CS|TAMS 0x0000000088800000, 0x0000000088800000| Complete 
| 103|0x0000000088900000, 0x0000000088a00000, 0x0000000088a00000|100%| E|CS|TAMS 0x0000000088900000, 0x0000000088900000| Complete 
| 104|0x0000000088a00000, 0x0000000088a90450, 0x0000000088b00000| 56%| S|CS|TAMS 0x0000000088a00000, 0x0000000088a00000| Complete 
| 105|0x0000000088b00000, 0x0000000088c00000, 0x0000000088c00000|100%| S|CS|TAMS 0x0000000088b00000, 0x0000000088b00000| Complete 
| 106|0x0000000088c00000, 0x0000000088d00000, 0x0000000088d00000|100%| S|CS|TAMS 0x0000000088c00000, 0x0000000088c00000| Complete 
| 107|0x0000000088d00000, 0x0000000088e00000, 0x0000000088e00000|100%| E|CS|TAMS 0x0000000088d00000, 0x0000000088d00000| Complete 
| 108|0x0000000088e00000, 0x0000000088f00000, 0x0000000088f00000|100%| E|CS|TAMS 0x0000000088e00000, 0x0000000088e00000| Complete 
| 109|0x0000000088f00000, 0x0000000089000000, 0x0000000089000000|100%| E|CS|TAMS 0x0000000088f00000, 0x0000000088f00000| Complete 
| 110|0x0000000089000000, 0x0000000089100000, 0x0000000089100000|100%| E|CS|TAMS 0x0000000089000000, 0x0000000089000000| Complete 
| 111|0x0000000089100000, 0x0000000089200000, 0x0000000089200000|100%| E|CS|TAMS 0x0000000089100000, 0x0000000089100000| Complete 
| 112|0x0000000089200000, 0x0000000089300000, 0x0000000089300000|100%| E|CS|TAMS 0x0000000089200000, 0x0000000089200000| Complete 
| 113|0x0000000089300000, 0x0000000089400000, 0x0000000089400000|100%| E|CS|TAMS 0x0000000089300000, 0x0000000089300000| Complete 
| 114|0x0000000089400000, 0x0000000089500000, 0x0000000089500000|100%| E|CS|TAMS 0x0000000089400000, 0x0000000089400000| Complete 
| 115|0x0000000089500000, 0x0000000089600000, 0x0000000089600000|100%| E|CS|TAMS 0x0000000089500000, 0x0000000089500000| Complete 
| 116|0x0000000089600000, 0x0000000089700000, 0x0000000089700000|100%| E|CS|TAMS 0x0000000089600000, 0x0000000089600000| Complete 
| 117|0x0000000089700000, 0x0000000089800000, 0x0000000089800000|100%| E|CS|TAMS 0x0000000089700000, 0x0000000089700000| Complete 
| 118|0x0000000089800000, 0x0000000089900000, 0x0000000089900000|100%| E|CS|TAMS 0x0000000089800000, 0x0000000089800000| Complete 
| 119|0x0000000089900000, 0x0000000089a00000, 0x0000000089a00000|100%| E|CS|TAMS 0x0000000089900000, 0x0000000089900000| Complete 
| 120|0x0000000089a00000, 0x0000000089b00000, 0x0000000089b00000|100%| E|  |TAMS 0x0000000089a00000, 0x0000000089a00000| Complete 
| 121|0x0000000089b00000, 0x0000000089c00000, 0x0000000089c00000|100%| E|CS|TAMS 0x0000000089b00000, 0x0000000089b00000| Complete 
| 122|0x0000000089c00000, 0x0000000089d00000, 0x0000000089d00000|100%| E|CS|TAMS 0x0000000089c00000, 0x0000000089c00000| Complete 
| 123|0x0000000089d00000, 0x0000000089e00000, 0x0000000089e00000|100%| E|CS|TAMS 0x0000000089d00000, 0x0000000089d00000| Complete 
| 124|0x0000000089e00000, 0x0000000089f00000, 0x0000000089f00000|100%| E|CS|TAMS 0x0000000089e00000, 0x0000000089e00000| Complete 
| 125|0x0000000089f00000, 0x000000008a000000, 0x000000008a000000|100%| E|CS|TAMS 0x0000000089f00000, 0x0000000089f00000| Complete 

Card table byte_map: [0x00000167f1f70000,0x00000167f2360000] _byte_map_base: 0x00000167f1b5f000

Marking Bits (Prev, Next): (CMBitMap*) 0x00000167e99c4860, (CMBitMap*) 0x00000167e99c48a0
 Prev Bits: [0x00000167f2750000, 0x00000167f46c8000)
 Next Bits: [0x00000167f46d0000, 0x00000167f6648000)

Polling page: 0x00000167e9120000

Metaspace:

Usage:
  Non-class:     12.90 MB capacity,    12.79 MB (>99%) used,    86.17 KB ( <1%) free+waste,    23.25 KB ( <1%) overhead. 
      Class:      2.21 MB capacity,     2.15 MB ( 97%) used,    52.16 KB (  2%) free+waste,    10.25 KB ( <1%) overhead. 
       Both:     15.11 MB capacity,    14.94 MB ( 99%) used,   138.33 KB ( <1%) free+waste,    33.50 KB ( <1%) overhead. 

Virtual space:
  Non-class space:       14.00 MB reserved,      13.00 MB ( 93%) committed 
      Class space:        1.00 GB reserved,       2.25 MB ( <1%) committed 
             Both:        1.01 GB reserved,      15.25 MB (  1%) committed 

Chunk freelists:
   Non-Class:  42.00 KB
       Class:  10.00 KB
        Both:  52.00 KB

MaxMetaspaceSize: 17179869184.00 GB
CompressedClassSpaceSize: 1.00 GB

CodeHeap 'non-profiled nmethods': size=120000Kb used=744Kb max_used=744Kb free=119255Kb
 bounds [0x0000016787ad0000, 0x0000016787d40000, 0x000001678f000000]
CodeHeap 'profiled nmethods': size=120000Kb used=3650Kb max_used=3650Kb free=116349Kb
 bounds [0x00000167805a0000, 0x0000016780940000, 0x0000016787ad0000]
CodeHeap 'non-nmethods': size=5760Kb used=1428Kb max_used=1464Kb free=4332Kb
 bounds [0x0000016780000000, 0x0000016780270000, 0x00000167805a0000]
 total_blobs=2929 nmethods=2173 adapters=668
 compilation: enabled
              stopped_count=0, restarted_count=0
 full_count=0

Compilation events (20 events):
Event: 4.572 Thread 0x00000167f8b5faa0 2173       3       com.sun.javafx.geom.Path2D$Iterator::isDone (20 bytes)
Event: 4.573 Thread 0x00000167f8b5faa0 nmethod 2173 0x000001678092ec90 code [0x000001678092ee20, 0x000001678092ef98]
Event: 4.573 Thread 0x00000167f8b5faa0 2174       3       com.sun.prism.impl.BaseContext::flushVertexBuffer (8 bytes)
Event: 4.574 Thread 0x00000167f8b5faa0 nmethod 2174 0x000001678092f090 code [0x000001678092f260, 0x000001678092f638]
Event: 4.574 Thread 0x00000167f8b5faa0 2175       3       com.sun.prism.impl.VertexBuffer::flush (32 bytes)
Event: 4.574 Thread 0x00000167f8b5faa0 nmethod 2175 0x000001678092f790 code [0x000001678092f940, 0x000001678092fcb8]
Event: 4.574 Thread 0x00000167f8b5faa0 2176       1       com.sun.prism.impl.GlyphCache$GlyphData::getBlankBoundary (5 bytes)
Event: 4.574 Thread 0x00000167f8b5faa0 nmethod 2176 0x0000016787b89410 code [0x0000016787b895a0, 0x0000016787b89658]
Event: 4.574 Thread 0x00000167f8b5faa0 2177       1       com.sun.prism.impl.GlyphCache$GlyphData::getOriginX (5 bytes)
Event: 4.574 Thread 0x00000167f8b5faa0 nmethod 2177 0x0000016787b89710 code [0x0000016787b898a0, 0x0000016787b89958]
Event: 4.574 Thread 0x00000167f8b5faa0 2178       1       com.sun.prism.impl.GlyphCache$GlyphData::getOriginY (5 bytes)
Event: 4.574 Thread 0x00000167f8b5faa0 nmethod 2178 0x0000016787b89a10 code [0x0000016787b89ba0, 0x0000016787b89c58]
Event: 4.623 Thread 0x00000167f8b5faa0 2179       3       java.util.WeakHashMap::size (18 bytes)
Event: 4.623 Thread 0x00000167f8b5faa0 nmethod 2179 0x000001678092fe10 code [0x000001678092ffc0, 0x0000016780930148]
Event: 4.671 Thread 0x00000167f8b5faa0 2180       3       java.util.concurrent.locks.ReentrantLock$Sync::isHeldExclusively (16 bytes)
Event: 4.671 Thread 0x00000167f8b5faa0 nmethod 2180 0x0000016780930210 code [0x00000167809303a0, 0x0000016780930538]
Event: 4.746 Thread 0x00000167f8b5ef00 2181       4       javafx.scene.Node::getParent (22 bytes)
Event: 4.749 Thread 0x00000167f8b5ef00 nmethod 2181 0x0000016787b89d10 code [0x0000016787b89ea0, 0x0000016787b89f98]
Event: 4.779 Thread 0x00000167f8b5faa0 2182       3       java.util.concurrent.ConcurrentHashMap::sumCount (60 bytes)
Event: 4.780 Thread 0x00000167f8b5faa0 nmethod 2182 0x0000016780930610 code [0x00000167809307c0, 0x0000016780930a18]

GC Heap History (4 events):
Event: 0.242 GC heap before
{Heap before GC invocations=0 (full 0):
 garbage-first heap   total 129024K, used 13312K [0x0000000082200000, 0x0000000100000000)
  region size 1024K, 13 young (13312K), 0 survivors (0K)
 Metaspace       used 876K, capacity 4492K, committed 4864K, reserved 1056768K
  class space    used 85K, capacity 388K, committed 512K, reserved 1048576K
}
Event: 0.244 GC heap after
{Heap after GC invocations=1 (full 0):
 garbage-first heap   total 129024K, used 955K [0x0000000082200000, 0x0000000100000000)
  region size 1024K, 1 young (1024K), 1 survivors (1024K)
 Metaspace       used 876K, capacity 4492K, committed 4864K, reserved 1056768K
  class space    used 85K, capacity 388K, committed 512K, reserved 1048576K
}
Event: 0.991 GC heap before
{Heap before GC invocations=1 (full 0):
 garbage-first heap   total 129024K, used 18363K [0x0000000082200000, 0x0000000100000000)
  region size 1024K, 19 young (19456K), 1 survivors (1024K)
 Metaspace       used 4378K, capacity 6560K, committed 6912K, reserved 1056768K
  class space    used 486K, capacity 670K, committed 768K, reserved 1048576K
}
Event: 0.997 GC heap after
{Heap after GC invocations=2 (full 0):
 garbage-first heap   total 129024K, used 2625K [0x0000000082200000, 0x0000000100000000)
  region size 1024K, 3 young (3072K), 3 survivors (3072K)
 Metaspace       used 4378K, capacity 6560K, committed 6912K, reserved 1056768K
  class space    used 486K, capacity 670K, committed 768K, reserved 1048576K
}

Deoptimization events (20 events):
Event: 1.946 Thread 0x00000167fa07dce0 Uncommon trap: trap_request=0xffffffde fr.pc=0x0000016787b5894c relative=0x000000000000012c
Event: 1.946 Thread 0x00000167fa07dce0 Uncommon trap: reason=class_check action=maybe_recompile pc=0x0000016787b5894c method=jdk.internal.misc.Unsafe.allocateUninitializedArray(Ljava/lang/Class;I)Ljava/lang/Object; @ 51 c2
Event: 1.946 Thread 0x00000167fa07dce0 DEOPT PACKING pc=0x0000016787b5894c sp=0x0000000ead8fcfb0
Event: 1.946 Thread 0x00000167fa07dce0 DEOPT UNPACKING pc=0x000001678004e42f sp=0x0000000ead8fcf38 mode 2
Event: 1.946 Thread 0x00000167fa07dce0 Uncommon trap: trap_request=0xffffffde fr.pc=0x0000016787b5894c relative=0x000000000000012c
Event: 1.946 Thread 0x00000167fa07dce0 Uncommon trap: reason=class_check action=maybe_recompile pc=0x0000016787b5894c method=jdk.internal.misc.Unsafe.allocateUninitializedArray(Ljava/lang/Class;I)Ljava/lang/Object; @ 51 c2
Event: 1.946 Thread 0x00000167fa07dce0 DEOPT PACKING pc=0x0000016787b5894c sp=0x0000000ead8fcfb0
Event: 1.946 Thread 0x00000167fa07dce0 DEOPT UNPACKING pc=0x000001678004e42f sp=0x0000000ead8fcf38 mode 2
Event: 2.031 Thread 0x00000167fa07dce0 Uncommon trap: trap_request=0xffffff45 fr.pc=0x0000016787b39fd4 relative=0x00000000000001b4
Event: 2.031 Thread 0x00000167fa07dce0 Uncommon trap: reason=unstable_if action=reinterpret pc=0x0000016787b39fd4 method=java.io.ByteArrayInputStream.read()I @ 8 c2
Event: 2.031 Thread 0x00000167fa07dce0 DEOPT PACKING pc=0x0000016787b39fd4 sp=0x0000000ead8fbfa0
Event: 2.031 Thread 0x00000167fa07dce0 DEOPT UNPACKING pc=0x000001678004e42f sp=0x0000000ead8fbf58 mode 2
Event: 2.224 Thread 0x00000167fa31f400 DEOPT PACKING pc=0x00000167808c28d4 sp=0x0000000ead6fdff0
Event: 2.224 Thread 0x00000167fa31f400 DEOPT UNPACKING pc=0x000001678004e23f sp=0x0000000ead6fd458 mode 0
Event: 2.224 Thread 0x00000167fa31f400 DEOPT PACKING pc=0x00000167808c28d4 sp=0x0000000ead6fdff0
Event: 2.224 Thread 0x00000167fa31f400 DEOPT UNPACKING pc=0x000001678004e23f sp=0x0000000ead6fd458 mode 0
Event: 2.232 Thread 0x00000167fa31f400 DEOPT PACKING pc=0x00000167808c28d4 sp=0x0000000ead6fe240
Event: 2.232 Thread 0x00000167fa31f400 DEOPT UNPACKING pc=0x000001678004e23f sp=0x0000000ead6fd6a8 mode 0
Event: 4.572 Thread 0x00000167fa31f400 DEOPT PACKING pc=0x000001678091b0df sp=0x0000000ead6fe1f0
Event: 4.572 Thread 0x00000167fa31f400 DEOPT UNPACKING pc=0x000001678004e23f sp=0x0000000ead6fd628 mode 0

Classes unloaded (0 events):
No events

Classes redefined (0 events):
No events

Internal exceptions (20 events):
Event: 1.174 Thread 0x00000167fa07dce0 Exception <a 'sun/nio/fs/WindowsException'{0x0000000089aefac8}> (0x0000000089aefac8) 
thrown [./open/src/hotspot/share/prims/jni.cpp, line 578]
Event: 1.273 Thread 0x00000167fa07dce0 Exception <a 'java/lang/NoSuchMethodError'{0x00000000897cc8e0}: 'java.lang.Object java.lang.invoke.DirectMethodHandle$Holder.invokeStaticInit(java.lang.Object, java.lang.Object, java.lang.Object, java.lang.Object)'> (0x00000000897cc8e0) 
thrown [./open/src/hotspot/share/interpreter/linkResolver.cpp, line 782]
Event: 1.275 Thread 0x00000167fa07dce0 Exception <a 'java/lang/NullPointerException'{0x00000000897d8d20}> (0x00000000897d8d20) 
thrown [./open/src/hotspot/share/interpreter/linkResolver.cpp, line 1374]
Event: 1.658 Thread 0x00000167fa07dce0 Exception <a 'sun/nio/fs/WindowsException'{0x00000000889c0478}> (0x00000000889c0478) 
thrown [./open/src/hotspot/share/prims/jni.cpp, line 578]
Event: 1.714 Thread 0x00000167fa07dce0 Exception <a 'sun/nio/fs/WindowsException'{0x00000000887cf7e8}> (0x00000000887cf7e8) 
thrown [./open/src/hotspot/share/prims/jni.cpp, line 578]
Event: 1.738 Thread 0x00000167fa07dce0 Implicit null exception at 0x0000016787b45033 to 0x0000016787b4554c
Event: 1.739 Thread 0x00000167fa07dce0 Implicit null exception at 0x0000016787b443b3 to 0x0000016787b448c8
Event: 1.739 Thread 0x00000167fa07dce0 Implicit null exception at 0x0000016787b0b7af to 0x0000016787b0b829
Event: 1.919 Thread 0x00000167fa07dce0 Exception <a 'java/lang/NoSuchMethodError'{0x00000000881b2710}: 'java.lang.Object java.lang.invoke.DirectMethodHandle$Holder.invokeInterface(java.lang.Object, java.lang.Object, java.lang.Object)'> (0x00000000881b2710) 
thrown [./open/src/hotspot/share/interpreter/linkResolver.cpp, line 782]
Event: 1.919 Thread 0x00000167fa07dce0 Exception <a 'java/lang/IncompatibleClassChangeError'{0x00000000881b6290}: Found class java.lang.Object, but interface was expected> (0x00000000881b6290) 
thrown [./open/src/hotspot/share/interpreter/linkResolver.cpp, line 848]
Event: 1.971 Thread 0x00000167fa07dce0 Exception <a 'java/lang/ClassNotFoundException'{0x0000000087e2c000}: com/sun/javafx/scene/control/skin/resources/controls> (0x0000000087e2c000) 
thrown [./open/src/hotspot/share/prims/jni.cpp, line 599]
Event: 1.972 Thread 0x00000167fa07dce0 Exception <a 'java/lang/ClassNotFoundException'{0x0000000087e39b18}: com/sun/javafx/scene/control/skin/resources/controls_en> (0x0000000087e39b18) 
thrown [./open/src/hotspot/share/prims/jni.cpp, line 599]
Event: 1.973 Thread 0x00000167fa07dce0 Exception <a 'java/lang/ClassNotFoundException'{0x0000000087e3b150}: com/sun/javafx/scene/control/skin/resources/controls_en_US> (0x0000000087e3b150) 
thrown [./open/src/hotspot/share/prims/jni.cpp, line 599]
Event: 2.007 Thread 0x00000167fa07dce0 Exception <a 'java/lang/NoSuchMethodError'{0x0000000087dd0af8}: 'void java.lang.invoke.DirectMethodHandle$Holder.invokeSpecial(java.lang.Object, java.lang.Object, java.lang.Object, java.lang.Object, java.lang.Object, java.lang.Object)'> (0x0000000087dd0af8) 
thrown [./open/src/hotspot/share/interpreter/linkResolver.cpp, line 782]
Event: 2.064 Thread 0x00000167fa07dce0 Exception <a 'java/lang/NoSuchMethodError'{0x0000000087ae0760}: 'java.lang.Object java.lang.invoke.DirectMethodHandle$Holder.newInvokeSpecial(java.lang.Object, java.lang.Object, int)'> (0x0000000087ae0760) 
thrown [./open/src/hotspot/share/interpreter/linkResolver.cpp, line 782]
Event: 2.093 Thread 0x00000167fa31f400 Exception <a 'java/lang/NoSuchMethodError'{0x0000000087980b58}: 'int java.lang.invoke.DirectMethodHandle$Holder.invokeStaticInit(java.lang.Object, java.lang.Object)'> (0x0000000087980b58) 
thrown [./open/src/hotspot/share/interpreter/linkResolver.cpp, line 782]
Event: 4.548 Thread 0x00000167fa07dce0 Exception <a 'java/lang/NoSuchMethodError'{0x00000000875cf1b8}: 'long java.lang.invoke.DirectMethodHandle$Holder.invokeStatic(java.lang.Object, java.lang.Object, java.lang.Object)'> (0x00000000875cf1b8) 
thrown [./open/src/hotspot/share/interpreter/linkResolver.cpp, line 782]
Event: 4.549 Thread 0x00000167fa07dce0 Exception <a 'java/lang/NoSuchMethodError'{0x00000000875d2e10}: 'long java.lang.invoke.DirectMethodHandle$Holder.invokeStaticInit(java.lang.Object, java.lang.Object, java.lang.Object)'> (0x00000000875d2e10) 
thrown [./open/src/hotspot/share/interpreter/linkResolver.cpp, line 782]
Event: 4.556 Thread 0x00000167fa07dce0 Exception <a 'java/lang/NoSuchMethodError'{0x00000000875eb6c8}: 'java.lang.Object java.lang.invoke.DirectMethodHandle$Holder.newInvokeSpecial(java.lang.Object, java.lang.Object, long)'> (0x00000000875eb6c8) 
thrown [./open/src/hotspot/share/interpreter/linkResolver.cpp, line 782]
Event: 4.557 Thread 0x00000167fa07dce0 Exception <a 'java/lang/NoSuchMethodError'{0x00000000875ef438}: 'java.lang.Object java.lang.invoke.Invokers$Holder.linkToTargetMethod(java.lang.Object, long, java.lang.Object)'> (0x00000000875ef438) 
thrown [./open/src/hotspot/share/interpreter/linkResolver.cpp, line 782]

Events (20 events):
Event: 2.927 Thread 0x00000167fadde930 Thread exited: 0x00000167fadde930
Event: 2.927 loading class java/util/EnumMap$Values
Event: 2.927 loading class java/util/EnumMap$Values done
Event: 2.927 loading class java/util/EnumMap$ValueIterator
Event: 2.928 loading class java/util/EnumMap$EnumMapIterator
Event: 2.928 loading class java/util/EnumMap$EnumMapIterator done
Event: 2.928 loading class java/util/EnumMap$ValueIterator done
Event: 3.126 Executing VM operation: HandshakeAllThreads
Event: 3.126 Executing VM operation: HandshakeAllThreads done
Event: 4.127 Executing VM operation: HandshakeAllThreads
Event: 4.128 Executing VM operation: HandshakeAllThreads done
Event: 4.298 Loaded shared library C:\Program Files\Java\jdk-15.0.1\bin\java.dll
Event: 4.532 loading class java/io/UnsupportedEncodingException
Event: 4.532 loading class java/io/UnsupportedEncodingException done
Event: 4.791 Thread 0x00000167fae43ad0 Thread added: 0x00000167fae43ad0
Event: 4.792 Thread 0x00000167fae487d0 Thread added: 0x00000167fae487d0
Event: 4.806 Thread 0x00000167fae43ad0 Thread exited: 0x00000167fae43ad0
Event: 4.806 Thread 0x00000167fae487d0 Thread exited: 0x00000167fae487d0
Event: 4.807 Thread 0x00000167f8b57600 Thread exited: 0x00000167f8b57600
Event: 4.807 Executing VM operation: Exit


Dynamic libraries:
0x00007ff6638c0000 - 0x00007ff6638cf000 	C:\Program Files\Java\jdk-15.0.1\bin\java.exe
0x00007ffd846b0000 - 0x00007ffd848a6000 	C:\WINDOWS\SYSTEM32\ntdll.dll
0x00007ffd845b0000 - 0x00007ffd8466d000 	C:\WINDOWS\System32\KERNEL32.DLL
0x00007ffd82360000 - 0x00007ffd82629000 	C:\WINDOWS\System32\KERNELBASE.dll
0x00007ffd81ee0000 - 0x00007ffd81fe0000 	C:\WINDOWS\System32\ucrtbase.dll
0x00007ffd54230000 - 0x00007ffd54248000 	C:\Program Files\Java\jdk-15.0.1\bin\jli.dll
0x00007ffd82710000 - 0x00007ffd827bc000 	C:\WINDOWS\System32\ADVAPI32.dll
0x00007ffd827c0000 - 0x00007ffd8285e000 	C:\WINDOWS\System32\msvcrt.dll
0x00007ffd82950000 - 0x00007ffd829ec000 	C:\WINDOWS\System32\sechost.dll
0x00007ffd832a0000 - 0x00007ffd833cb000 	C:\WINDOWS\System32\RPCRT4.dll
0x00007ffd83500000 - 0x00007ffd836a0000 	C:\WINDOWS\System32\USER32.dll
0x00007ffd82630000 - 0x00007ffd82652000 	C:\WINDOWS\System32\win32u.dll
0x00007ffd83260000 - 0x00007ffd8328a000 	C:\WINDOWS\System32\GDI32.dll
0x00007ffd81fe0000 - 0x00007ffd820eb000 	C:\WINDOWS\System32\gdi32full.dll
0x00007ffd81df0000 - 0x00007ffd81e8d000 	C:\WINDOWS\System32\msvcp_win.dll
0x00007ffd71140000 - 0x00007ffd71159000 	C:\Program Files\Java\jdk-15.0.1\bin\VCRUNTIME140.dll
0x00007ffd70460000 - 0x00007ffd706fb000 	C:\WINDOWS\WinSxS\amd64_microsoft.windows.common-controls_6595b64144ccf1df_6.0.19041.746_none_ca02b4b61b8320a4\COMCTL32.dll
0x00007ffd70c20000 - 0x00007ffd70c2a000 	C:\WINDOWS\SYSTEM32\VERSION.dll
0x00007ffd82e80000 - 0x00007ffd82eb0000 	C:\WINDOWS\System32\IMM32.DLL
0x00007ffd83cb0000 - 0x00007ffd843f2000 	C:\WINDOWS\System32\SHELL32.dll
0x00007ffd82b20000 - 0x00007ffd82e76000 	C:\WINDOWS\System32\combase.dll
0x00007ffd84400000 - 0x00007ffd84455000 	C:\WINDOWS\System32\SHLWAPI.dll
0x00007ffd80b10000 - 0x00007ffd80b43000 	C:\WINDOWS\SYSTEM32\ntmarta.dll
0x00007ffd81ca0000 - 0x00007ffd81cdc000 	C:\WINDOWS\SYSTEM32\SspiCli.dll
0x00007ffd7fb30000 - 0x00007ffd802c0000 	C:\WINDOWS\SYSTEM32\windows.storage.dll
0x00007ffd81780000 - 0x00007ffd817ac000 	C:\WINDOWS\SYSTEM32\Wldp.dll
0x00007ffd83730000 - 0x00007ffd837de000 	C:\WINDOWS\System32\SHCORE.dll
0x00007ffd79480000 - 0x00007ffd7948c000 	C:\Program Files\Java\jdk-15.0.1\bin\vcruntime140_1.dll
0x00007ffd56f30000 - 0x00007ffd56fc1000 	C:\Program Files\Java\jdk-15.0.1\bin\msvcp140.dll
0x00007ffd1b540000 - 0x00007ffd1c09e000 	C:\Program Files\Java\jdk-15.0.1\bin\server\jvm.dll
0x00007ffd830c0000 - 0x00007ffd830c8000 	C:\WINDOWS\System32\PSAPI.DLL
0x00007ffd80590000 - 0x00007ffd80599000 	C:\WINDOWS\SYSTEM32\WSOCK32.dll
0x00007ffd84460000 - 0x00007ffd844cb000 	C:\WINDOWS\System32\WS2_32.dll
0x00007ffd6f590000 - 0x00007ffd6f5b7000 	C:\WINDOWS\SYSTEM32\WINMM.dll
0x00007ffd806a0000 - 0x00007ffd806b2000 	C:\WINDOWS\SYSTEM32\kernel.appcore.dll
0x00007ffd72aa0000 - 0x00007ffd72aaa000 	C:\Program Files\Java\jdk-15.0.1\bin\jimage.dll
0x00007ffd80380000 - 0x00007ffd80564000 	C:\WINDOWS\SYSTEM32\DBGHELP.DLL
0x00007ffd575c0000 - 0x00007ffd575ec000 	C:\WINDOWS\SYSTEM32\dbgcore.DLL
0x00007ffd82660000 - 0x00007ffd826e0000 	C:\WINDOWS\System32\bcryptPrimitives.dll
0x00007ffd6bc90000 - 0x00007ffd6bcb5000 	C:\Program Files\Java\jdk-15.0.1\bin\java.dll
0x00007ffd81d20000 - 0x00007ffd81d46000 	C:\WINDOWS\SYSTEM32\profapi.dll
0x00007ffd70df0000 - 0x00007ffd70e09000 	C:\Program Files\Java\jdk-15.0.1\bin\net.dll
0x00007ffd70ae0000 - 0x00007ffd70be0000 	C:\WINDOWS\SYSTEM32\WINHTTP.dll
0x00007ffd81500000 - 0x00007ffd8156a000 	C:\WINDOWS\system32\mswsock.dll
0x00007ffd70240000 - 0x00007ffd70252000 	C:\Program Files\Java\jdk-15.0.1\bin\nio.dll
0x00007ffd6ef90000 - 0x00007ffd6efa8000 	C:\Program Files\Java\jdk-15.0.1\bin\zip.dll
0x00000167e98d0000 - 0x00000167e98d3000 	C:\Users\gilbe\.openjfx\cache\13\api-ms-win-core-console-l1-1-0.dll
0x00000167e98e0000 - 0x00000167e98e3000 	C:\Users\gilbe\.openjfx\cache\13\api-ms-win-core-datetime-l1-1-0.dll
0x00000167e98f0000 - 0x00000167e98f3000 	C:\Users\gilbe\.openjfx\cache\13\api-ms-win-core-debug-l1-1-0.dll
0x00000167e9900000 - 0x00000167e9903000 	C:\Users\gilbe\.openjfx\cache\13\api-ms-win-core-errorhandling-l1-1-0.dll
0x00000167e9910000 - 0x00000167e9914000 	C:\Users\gilbe\.openjfx\cache\13\api-ms-win-core-file-l1-1-0.dll
0x00000167fb050000 - 0x00000167fb053000 	C:\Users\gilbe\.openjfx\cache\13\api-ms-win-core-file-l1-2-0.dll
0x00000167fb060000 - 0x00000167fb063000 	C:\Users\gilbe\.openjfx\cache\13\api-ms-win-core-file-l2-1-0.dll
0x00000167fb070000 - 0x00000167fb073000 	C:\Users\gilbe\.openjfx\cache\13\api-ms-win-core-handle-l1-1-0.dll
0x00000167fb190000 - 0x00000167fb193000 	C:\Users\gilbe\.openjfx\cache\13\api-ms-win-core-heap-l1-1-0.dll
0x00000167fb1a0000 - 0x00000167fb1a3000 	C:\Users\gilbe\.openjfx\cache\13\api-ms-win-core-interlocked-l1-1-0.dll
0x00000167fb1b0000 - 0x00000167fb1b3000 	C:\Users\gilbe\.openjfx\cache\13\api-ms-win-core-libraryloader-l1-1-0.dll
0x00000167fb1c0000 - 0x00000167fb1c3000 	C:\Users\gilbe\.openjfx\cache\13\api-ms-win-core-localization-l1-2-0.dll
0x00000167fb080000 - 0x00000167fb083000 	C:\Users\gilbe\.openjfx\cache\13\api-ms-win-core-memory-l1-1-0.dll
0x00000167fb090000 - 0x00000167fb093000 	C:\Users\gilbe\.openjfx\cache\13\api-ms-win-core-namedpipe-l1-1-0.dll
0x00000167fb0a0000 - 0x00000167fb0a3000 	C:\Users\gilbe\.openjfx\cache\13\api-ms-win-core-processenvironment-l1-1-0.dll
0x00000167fb0b0000 - 0x00000167fb0b3000 	C:\Users\gilbe\.openjfx\cache\13\api-ms-win-core-processthreads-l1-1-0.dll
0x00000167fb0c0000 - 0x00000167fb0c3000 	C:\Users\gilbe\.openjfx\cache\13\api-ms-win-core-processthreads-l1-1-1.dll
0x00000167fb0d0000 - 0x00000167fb0d3000 	C:\Users\gilbe\.openjfx\cache\13\api-ms-win-core-profile-l1-1-0.dll
0x00000167fb0e0000 - 0x00000167fb0e3000 	C:\Users\gilbe\.openjfx\cache\13\api-ms-win-core-rtlsupport-l1-1-0.dll
0x00000167fb0f0000 - 0x00000167fb0f3000 	C:\Users\gilbe\.openjfx\cache\13\api-ms-win-core-string-l1-1-0.dll
0x00000167fb100000 - 0x00000167fb103000 	C:\Users\gilbe\.openjfx\cache\13\api-ms-win-core-synch-l1-1-0.dll
0x00000167fb110000 - 0x00000167fb113000 	C:\Users\gilbe\.openjfx\cache\13\api-ms-win-core-synch-l1-2-0.dll
0x00000167fb120000 - 0x00000167fb123000 	C:\Users\gilbe\.openjfx\cache\13\api-ms-win-core-sysinfo-l1-1-0.dll
0x00000167fb130000 - 0x00000167fb133000 	C:\Users\gilbe\.openjfx\cache\13\api-ms-win-core-timezone-l1-1-0.dll
0x00000167fb140000 - 0x00000167fb143000 	C:\Users\gilbe\.openjfx\cache\13\api-ms-win-core-util-l1-1-0.dll
0x00000167fb150000 - 0x00000167fb153000 	C:\Users\gilbe\.openjfx\cache\13\api-ms-win-crt-conio-l1-1-0.dll
0x00000167fb160000 - 0x00000167fb164000 	C:\Users\gilbe\.openjfx\cache\13\api-ms-win-crt-convert-l1-1-0.dll
0x00000167fb170000 - 0x00000167fb173000 	C:\Users\gilbe\.openjfx\cache\13\api-ms-win-crt-environment-l1-1-0.dll
0x00000167fb180000 - 0x00000167fb183000 	C:\Users\gilbe\.openjfx\cache\13\api-ms-win-crt-filesystem-l1-1-0.dll
0x00000167fb1d0000 - 0x00000167fb1d3000 	C:\Users\gilbe\.openjfx\cache\13\api-ms-win-crt-heap-l1-1-0.dll
0x00000167fb1e0000 - 0x00000167fb1e3000 	C:\Users\gilbe\.openjfx\cache\13\api-ms-win-crt-locale-l1-1-0.dll
0x00000167fb1f0000 - 0x00000167fb1f5000 	C:\Users\gilbe\.openjfx\cache\13\api-ms-win-crt-math-l1-1-0.dll
0x00000167fb200000 - 0x00000167fb205000 	C:\Users\gilbe\.openjfx\cache\13\api-ms-win-crt-multibyte-l1-1-0.dll
0x00000167fb210000 - 0x00000167fb220000 	C:\Users\gilbe\.openjfx\cache\13\api-ms-win-crt-private-l1-1-0.dll
0x00000167fb220000 - 0x00000167fb223000 	C:\Users\gilbe\.openjfx\cache\13\api-ms-win-crt-process-l1-1-0.dll
0x00000167fb350000 - 0x00000167fb354000 	C:\Users\gilbe\.openjfx\cache\13\api-ms-win-crt-runtime-l1-1-0.dll
0x00000167fb230000 - 0x00000167fb234000 	C:\Users\gilbe\.openjfx\cache\13\api-ms-win-crt-stdio-l1-1-0.dll
0x00000167fb240000 - 0x00000167fb244000 	C:\Users\gilbe\.openjfx\cache\13\api-ms-win-crt-string-l1-1-0.dll
0x00000167fb250000 - 0x00000167fb253000 	C:\Users\gilbe\.openjfx\cache\13\api-ms-win-crt-time-l1-1-0.dll
0x00000167fb260000 - 0x00000167fb263000 	C:\Users\gilbe\.openjfx\cache\13\api-ms-win-crt-utility-l1-1-0.dll
0x00007ffd343d0000 - 0x00007ffd344cc000 	C:\Users\gilbe\.openjfx\cache\13\ucrtbase.dll
0x00007ffd538e0000 - 0x00007ffd538f5000 	C:\Users\gilbe\.openjfx\cache\13\vcruntime140.dll
0x00007ffd26f50000 - 0x00007ffd26feb000 	C:\Users\gilbe\.openjfx\cache\13\msvcp140.dll
0x00007ffd333c0000 - 0x00007ffd33411000 	C:\Users\gilbe\.openjfx\cache\13\concrt140.dll
0x00007ffd399b0000 - 0x00007ffd399d3000 	C:\Users\gilbe\.openjfx\cache\13\prism_d3d.dll
0x00007ffd56b50000 - 0x00007ffd56d1f000 	C:\WINDOWS\system32\d3d9.dll
0x00007ffd7f650000 - 0x00007ffd7f67f000 	C:\WINDOWS\SYSTEM32\dwmapi.dll
0x00007ffd7f480000 - 0x00007ffd7f51e000 	C:\WINDOWS\system32\uxtheme.dll
0x00007ffd1cae0000 - 0x00007ffd1fadd000 	C:\WINDOWS\System32\DriverStore\FileRepository\ki127176.inf_amd64_86c658cabfb17c9c\igd9dxva64.dll
0x00007ffd833d0000 - 0x00007ffd834fa000 	C:\WINDOWS\System32\ole32.dll
0x00007ffd82860000 - 0x00007ffd8292d000 	C:\WINDOWS\System32\OLEAUT32.dll
0x00007ffd30180000 - 0x00007ffd301c5000 	C:\Users\gilbe\.openjfx\cache\13\glass.dll
0x00007ffd844d0000 - 0x00007ffd845aa000 	C:\WINDOWS\System32\COMDLG32.dll
0x00007ffd829f0000 - 0x00007ffd82b05000 	C:\WINDOWS\System32\MSCTF.dll
0x00007ffd7ada0000 - 0x00007ffd7addb000 	C:\WINDOWS\SYSTEM32\dxcore.dll
0x00007ffd81e90000 - 0x00007ffd81ede000 	C:\WINDOWS\System32\cfgmgr32.dll
0x00007ffd52400000 - 0x00007ffd52414000 	C:\Users\gilbe\.openjfx\cache\13\javafx_font.dll
0x00007ffd72cd0000 - 0x00007ffd72f4f000 	C:\WINDOWS\SYSTEM32\dwrite.dll
0x00007ffd6d7e0000 - 0x00007ffd6d7e9000 	C:\Program Files\Java\jdk-15.0.1\bin\prefs.dll
0x00007ffd83150000 - 0x00007ffd831f9000 	C:\WINDOWS\System32\clbcatq.dll
0x00007ffd7c250000 - 0x00007ffd7c404000 	C:\WINDOWS\SYSTEM32\WindowsCodecs.dll
0x00007ffd826e0000 - 0x00007ffd82707000 	C:\WINDOWS\System32\bcrypt.dll
0x00007ffd6a070000 - 0x00007ffd6a0ae000 	C:\WINDOWS\system32\dataexchange.dll
0x00007ffd7de30000 - 0x00007ffd7e094000 	C:\WINDOWS\system32\d3d11.dll
0x00007ffd7e660000 - 0x00007ffd7e847000 	C:\WINDOWS\system32\dcomp.dll
0x00007ffd80710000 - 0x00007ffd80803000 	C:\WINDOWS\system32\dxgi.dll
0x00007ffd7c480000 - 0x00007ffd7c681000 	C:\WINDOWS\system32\twinapi.appcore.dll
0x00007ffd360e0000 - 0x00007ffd36114000 	C:\Program Files\Common Files\Microsoft Shared\Ink\rtscom.dll
0x00007ffd79e00000 - 0x00007ffd79efb000 	C:\WINDOWS\SYSTEM32\textinputframework.dll
0x00007ffd7e990000 - 0x00007ffd7ecee000 	C:\WINDOWS\System32\CoreUIComponents.dll
0x00007ffd7f070000 - 0x00007ffd7f162000 	C:\WINDOWS\System32\CoreMessaging.dll
0x00007ffd7d870000 - 0x00007ffd7d9c4000 	C:\WINDOWS\SYSTEM32\wintypes.dll
0x00007ffd6b300000 - 0x00007ffd6b366000 	C:\WINDOWS\system32\Oleacc.dll

dbghelp: loaded successfully - version: 4.0.5 - missing functions: none
symbol engine: initialized successfully - sym options: 0x614 - pdb path: .;C:\Program Files\Java\jdk-15.0.1\bin;C:\WINDOWS\SYSTEM32;C:\WINDOWS\WinSxS\amd64_microsoft.windows.common-controls_6595b64144ccf1df_6.0.19041.746_none_ca02b4b61b8320a4;C:\Program Files\Java\jdk-15.0.1\bin\server;C:\Users\gilbe\.openjfx\cache\13;C:\WINDOWS\System32\DriverStore\FileRepository\ki127176.inf_amd64_86c658cabfb17c9c;C:\Program Files\Common Files\Microsoft Shared\Ink

VM Arguments:
jvm_args: --module-path=C:\Users\gilbe\Documents\NetBeansProjects\test\target\classes;C:\Users\gilbe\.m2\repository\commons-codec\commons-codec\1.13\commons-codec-1.13.jar;C:\Users\gilbe\.m2\repository\commons-io\commons-io\2.5\commons-io-2.5.jar;C:\Users\gilbe\.m2\repository\net\sf\ucanaccess\ucanaccess\5.0.0\ucanaccess-5.0.0.jar;C:\Users\gilbe\.m2\repository\org\apache\commons\commons-collections4\4.4\commons-collections4-4.4.jar;C:\Users\gilbe\.m2\repository\org\apache\commons\commons-compress\1.19\commons-compress-1.19.jar;C:\Users\gilbe\.m2\repository\org\apache\commons\commons-lang3\3.8.1\commons-lang3-3.8.1.jar;C:\Users\gilbe\.m2\repository\org\apache\poi\poi\4.1.2\poi-4.1.2.jar;C:\Users\gilbe\.m2\repository\org\apache\poi\poi-ooxml\4.1.2\poi-ooxml-4.1.2.jar;C:\Users\gilbe\.m2\repository\org\apache\poi\poi-ooxml-schemas\4.1.2\poi-ooxml-schemas-4.1.2.jar;C:\Users\gilbe\.m2\repository\org\apache\poi\poi-scratchpad\4.1.2\poi-scratchpad-4.1.2.jar;C:\Users\gilbe\.m2\repository\org\apache\xmlbeans\xmlbeans\3.1.0\xmlbeans-3.1.0.jar;C:\Users\gilbe\.m2\repository\org\openjfx\javafx-base\13\javafx-base-13-win.jar;C:\Users\gilbe\.m2\repository\org\openjfx\javafx-controls\13\javafx-controls-13-win.jar;C:\Users\gilbe\.m2\repository\org\openjfx\javafx-fxml\13\javafx-fxml-13-win.jar;C:\Users\gilbe\.m2\repository\org\openjfx\javafx-graphics\13\javafx-graphics-13-win.jar --add-modules=com.test -Djdk.module.main=com.test 
java_command: com.test/com.test.App
java_class_path (initial): C:\Users\gilbe\Documents\NetBeansProjects\test\target\classes;C:\Users\gilbe\.m2\repository\com\github\virtuald\curvesapi\1.06\curvesapi-1.06.jar;C:\Users\gilbe\.m2\repository\com\healthmarketscience\jackcess\jackcess\3.0.1\jackcess-3.0.1.jar;C:\Users\gilbe\.m2\repository\com\zaxxer\SparseBitSet\1.2\SparseBitSet-1.2.jar;C:\Users\gilbe\.m2\repository\commons-logging\commons-logging\1.2\commons-logging-1.2.jar;C:\Users\gilbe\.m2\repository\org\apache\commons\commons-math3\3.6.1\commons-math3-3.6.1.jar;C:\Users\gilbe\.m2\repository\org\hsqldb\hsqldb\2.5.0\hsqldb-2.5.0.jar;C:\Users\gilbe\.m2\repository\org\openjfx\javafx-base\13\javafx-base-13.jar;C:\Users\gilbe\.m2\repository\org\openjfx\javafx-controls\13\javafx-controls-13.jar;C:\Users\gilbe\.m2\repository\org\openjfx\javafx-fxml\13\javafx-fxml-13.jar;C:\Users\gilbe\.m2\repository\org\openjfx\javafx-graphics\13\javafx-graphics-13.jar
Launcher Type: SUN_STANDARD

[Global flags]
     intx CICompilerCount                          = 3                                         {product} {ergonomic}
     uint ConcGCThreads                            = 1                                         {product} {ergonomic}
     uint G1ConcRefinementThreads                  = 4                                         {product} {ergonomic}
   size_t G1HeapRegionSize                         = 1048576                                   {product} {ergonomic}
    uintx GCDrainStackTargetSize                   = 64                                        {product} {ergonomic}
   size_t InitialHeapSize                          = 132120576                                 {product} {ergonomic}
   size_t MarkStackSize                            = 4194304                                   {product} {ergonomic}
   size_t MaxHeapSize                              = 2111832064                                {product} {ergonomic}
   size_t MaxNewSize                               = 1266679808                                {product} {ergonomic}
   size_t MinHeapDeltaBytes                        = 1048576                                   {product} {ergonomic}
   size_t MinHeapSize                              = 8388608                                   {product} {ergonomic}
    uintx NonNMethodCodeHeapSize                   = 5832780                                {pd product} {ergonomic}
    uintx NonProfiledCodeHeapSize                  = 122912730                              {pd product} {ergonomic}
    uintx ProfiledCodeHeapSize                     = 122912730                              {pd product} {ergonomic}
    uintx ReservedCodeCacheSize                    = 251658240                              {pd product} {ergonomic}
     bool SegmentedCodeCache                       = true                                      {product} {ergonomic}
   size_t SoftMaxHeapSize                          = 2111832064                             {manageable} {ergonomic}
     bool UseCompressedClassPointers               = true                                 {lp64_product} {ergonomic}
     bool UseCompressedOops                        = true                                 {lp64_product} {ergonomic}
     bool UseG1GC                                  = true                                      {product} {ergonomic}
     bool UseLargePagesIndividualAllocation        = false                                  {pd product} {ergonomic}

Logging:
Log output configuration:
 #0: stdout all=off uptime,level,tags
 #1: stderr all=off uptime,level,tags

Environment Variables:
JAVA_HOME=C:\Program Files\Java\jdk-15.0.1
PATH=C:\Program Files\Java\jdk-15.0.1\bin;C:\Program Files\Common Files\Oracle\Java\javapath;C:\WINDOWS\system32;C:\WINDOWS;C:\WINDOWS\System32\Wbem;C:\WINDOWS\System32\WindowsPowerShell\v1.0\;C:\Program Files (x86)\Microsoft ASP.NET\ASP.NET Web Pages\v1.0\;C:\Program Files\Microsoft SQL Server\110\Tools\Binn\;C:\Program Files\Microsoft SQL Server\130\Tools\Binn\;C:\Program Files\dotnet\;C:\Program Files\Java\jdk-15.0.1\bin;C:\WINDOWS\System32\OpenSSH\;C:\Program Files\PuTTY\;C:\Program Files\Microsoft SQL Server\Client SDK\ODBC\170\Tools\Binn\;C:\Program Files (x86)\Microsoft SQL Server\140\Tools\Binn\;C:\Program Files\Microsoft SQL Server\Client SDK\ODBC\130\Tools\Binn\;C:\Program Files (x86)\Microsoft SQL Server\130\Tools\Binn\;C:\Program Files\Microsoft SQL Server\130\DTS\Binn\;C:\Program Files\Microsoft\Web Platform Installer\;C:\Program Files\Microsoft SQL Server\140\Tools\Binn\;C:\Program Files\Microsoft SQL Server\140\DTS\Binn\;C:\Program Files\Intel\WiFi\bin\;C:\Program Files\Common Files\Intel\WirelessCommon\;C:\Program Files\Git\cmd;C:\MinGW\bin;C:\Program Files (x86)\MySQL\MySQL Server 5.7\bin;C:\Program Files (x86)\Microsoft SQL Server\150\Tools\Binn\;C:\Program Files\Microsoft SQL Server\150\Tools\Binn\;C:\Program Files\Microsoft SQL Server\150\DTS\Binn\;C:\Program Files (x86)\Intel\Intel(R) Management Engine Components\DAL;C:\Program Files\Intel\Intel(R) Management Engine Components\DAL;C:\Program Files (x86)\Microsoft SQL Server\150\DTS\Binn\;C:\Program Files\apache-maven-3.6.3\bin;C:\Program Files\Java\jdk1.8.0_131\bin;C:\Program Files (x86)\Inno Setup 6;C:\Program Files (x86)\WiX Toolset v3.11\bin;C:\Program Files (x86)\dotnet\;C:\Users\gilbe\AppData\Local\Programs\Python\Python37-32\Scripts\;C:\Users\gilbe\AppData\Local\Programs\Python\Python37-32\;C:\Program Files\Java\jdk1.8.0_131\bin;C:\Users\gilbe\AppData\Local\Microsoft\WindowsApps;C:\MinGW\bin;C:\Users\gilbe\.dotnet\tools;C:\Users\gilbe\AppData\Local\Microsoft\WindowsApps;C:\Users\gilbe\AppData
USERNAME=Gilbert Alvarado
OS=Windows_NT
PROCESSOR_IDENTIFIER=Intel64 Family 6 Model 78 Stepping 3, GenuineIntel



---------------  S Y S T E M  ---------------

OS:
 Windows 10 , 64 bit Build 19041 (10.0.19041.804)
OS uptime: 5 days 22:48 hours

CPU: total 4 (initial active 4) (2 cores per cpu, 2 threads per core) family 6 model 78 stepping 3 microcode 0xdc, cmov, cx8, fxsr, mmx, sse, sse2, sse3, ssse3, sse4.1, sse4.2, popcnt, vzeroupper, avx, avx2, aes, clmul, erms, 3dnowpref, lzcnt, ht, tsc, tscinvbit, bmi1, bmi2, adx, fma, clflush, clflushopt

Memory: 4k page, system-wide physical 8051M (1136M free)
TotalPageFile size 13139M (AvailPageFile size 3642M)
current process WorkingSet (physical memory assigned to process): 153M, peak: 161M
current process commit charge ("private bytes"): 276M, peak: 278M

vm_info: Java HotSpot(TM) 64-Bit Server VM (15.0.1+9-18) for windows-amd64 JRE (15.0.1+9-18), built on Sep 15 2020 14:43:54 by "mach5one" with unknown MS VC++:1925

END.
